1d6c6e40-f929-af8a-db40-4654d82d52a6,1660719895289729610,Start,Root,00000000-0000-0000-0000-000000000000,receiving request,0,receiving,node1
1d6c6e40-f929-af8a-db40-4654d82d52a6,1660719895289745402,End
6f9a2ab1-5b3a-13a8-9842-e621d1463796,1660719895289810733,Start,FollowsFrom,1d6c6e40-f929-af8a-db40-4654d82d52a6,Worker::run,0,begin,node1
23183370-835f-7fae-f249-1d48c3423a69,1660719895289837037,Start,ChildOf,6f9a2ab1-5b3a-13a8-9842-e621d1463796,Tokenizer::tokenize,0,parsing,node1
23183370-835f-7fae-f249-1d48c3423a69,1660719895289857619,End
498338a9-8a07-d29a-c440-4359edc615f7,1660719895289866759,Start,ChildOf,6f9a2ab1-5b3a-13a8-9842-e621d1463796,Parser::parse,0,parsing,node1
498338a9-8a07-d29a-c440-4359edc615f7,1660719895289929957,End
b9c6862b-b99d-ce80-4f47-0bee74f168bc,1660719895289942200,Start,ChildOf,6f9a2ab1-5b3a-13a8-9842-e621d1463796,Statement::execute,0,executing,node1
b9c6862b-b99d-ce80-4f47-0bee74f168bc,1660719895290200883,End
570849aa-f13c-1dba-2048-86b123394fd8,1660719895290212019,Start,ChildOf,6f9a2ab1-5b3a-13a8-9842-e621d1463796,Statement::execute,0,executing,node1
570849aa-f13c-1dba-2048-86b123394fd8,1660719895290222118,End
2a2c8b8f-b4ed-2db1-eb48-6eec0092632e,1660719895290230249,Start,ChildOf,6f9a2ab1-5b3a-13a8-9842-e621d1463796,Statement::execute,0,executing,node1
a5307825-c90a-94b8-f244-c20aa0e84bc5,1660719895291546099,Start,ChildOf,2a2c8b8f-b4ed-2db1-eb48-6eec0092632e,SQLQueryImp::partitionedCall,1,executing,node1
a0ef1948-ed85-73be-814d-6cbeede3b5d4,1660719895292443014,Start,ChildOf,a5307825-c90a-94b8-f244-c20aa0e84bc5,StaticStageExecutor::execute[probing],2,executing,node1
eca7608d-794b-62a7-444b-8c458301b403,1660719895292510536,Start,FollowsFrom,a0ef1948-ed85-73be-814d-6cbeede3b5d4,GOContainer::addRemoteTask,2,executing,node1
7af75e64-8633-0c93-9341-7441a25218d8,1660719895292573775,Start,FollowsFrom,a0ef1948-ed85-73be-814d-6cbeede3b5d4,GOContainer::addRemoteTask,2,executing,node1
aaa8c005-7078-f0bf-b546-e9bbcb1fff85,1660719895292630573,Start,FollowsFrom,a0ef1948-ed85-73be-814d-6cbeede3b5d4,GOContainer::addRemoteTask,2,executing,node1
5dc76f23-8037-1fb0-054c-5afccd4d04f9,1660719895292679496,Start,FollowsFrom,a0ef1948-ed85-73be-814d-6cbeede3b5d4,GOContainer::addRemoteTask,2,executing,node1
f7c5d611-c6e6-5cb3-494e-bb17b73ae2a1,1660719895292729197,Start,FollowsFrom,a0ef1948-ed85-73be-814d-6cbeede3b5d4,GOContainer::addRemoteTask,2,executing,node1
7abaecbe-00f4-7c86-ea47-390412cbc718,1660719895292778352,Start,FollowsFrom,a0ef1948-ed85-73be-814d-6cbeede3b5d4,GOContainer::addRemoteTask,2,executing,node1
7af75e64-8633-0c93-9341-7441a25218d8,1660719895292900005,End
eca7608d-794b-62a7-444b-8c458301b403,1660719895292911059,End
5dc76f23-8037-1fb0-054c-5afccd4d04f9,1660719895292986283,End
aaa8c005-7078-f0bf-b546-e9bbcb1fff85,1660719895293002601,End
f7c5d611-c6e6-5cb3-494e-bb17b73ae2a1,1660719895293077527,End
7abaecbe-00f4-7c86-ea47-390412cbc718,1660719895293103364,End
a0ef1948-ed85-73be-814d-6cbeede3b5d4,1660719895293119173,End
09409c01-b1eb-1c93-a54c-c44d8cf4d0d8,1660719895293134791,Start,ChildOf,a5307825-c90a-94b8-f244-c20aa0e84bc5,StaticStageExecutor::execute[localExecutor],2,executing,node1
cb726c02-b936-e384-3140-287d5f8f5716,1660719895293144502,Start,ChildOf,a5307825-c90a-94b8-f244-c20aa0e84bc5,StaticStageExecutor::execute[remote],2,executing,node1
ead1e40b-f5cb-e0ac-574a-e6ef5a57f220,1660719895293153124,Start,ChildOf,a5307825-c90a-94b8-f244-c20aa0e84bc5,StaticStageExecutor::execute[local],2,executing,node1
064a7e6f-852e-ee98-e64e-a3f8a7e4c54f,1660719895293220447,Start,ChildOf,09409c01-b1eb-1c93-a54c-c44d8cf4d0d8,SQLQueryImp::basicCall,1,executing,node1
cd16081b-24d5-bc85-7340-0c853fca3a34,1660719895293248681,Start,ChildOf,09409c01-b1eb-1c93-a54c-c44d8cf4d0d8,SQLQueryImp::basicCall,1,executing,node1
064a7e6f-852e-ee98-e64e-a3f8a7e4c54f,1660719895293254122,End
66fd5e5d-501b-8391-0e41-25aa9c4d83e1,1660719895293259093,Start,ChildOf,09409c01-b1eb-1c93-a54c-c44d8cf4d0d8,SQLQueryImp::basicCall,1,executing,node1
cd16081b-24d5-bc85-7340-0c853fca3a34,1660719895293305156,End
09409c01-b1eb-1c93-a54c-c44d8cf4d0d8,1660719895293280191,End
66fd5e5d-501b-8391-0e41-25aa9c4d83e1,1660719895293311905,End
0012d309-eecc-e78d-7646-505c803ebaf2,1660719895293340154,Start,ChildOf,09409c01-b1eb-1c93-a54c-c44d8cf4d0d8,SQLQueryImp::basicCall,1,executing,node1
0012d309-eecc-e78d-7646-505c803ebaf2,1660719895293373183,End
09409c01-b1eb-1c93-a54c-c44d8cf4d0d8,1660719895293344707,End
09409c01-b1eb-1c93-a54c-c44d8cf4d0d8,1660719895293357886,End
09409c01-b1eb-1c93-a54c-c44d8cf4d0d8,1660719895293394731,End
83bb0679-3623-48a6-c24f-2a4409ed9154,1660719895293405182,Start,ChildOf,09409c01-b1eb-1c93-a54c-c44d8cf4d0d8,SQLQueryImp::basicCall,1,executing,node1
385f0ad4-e662-2e83-f749-881fbe2b391b,1660719895293410033,Start,ChildOf,09409c01-b1eb-1c93-a54c-c44d8cf4d0d8,SQLQueryImp::basicCall,1,executing,node1
156f48de-5788-5e9c-cb4f-159efc5bea03,1660719895293424713,Start,ChildOf,09409c01-b1eb-1c93-a54c-c44d8cf4d0d8,SQLQueryImp::basicCall,1,executing,node1
83bb0679-3623-48a6-c24f-2a4409ed9154,1660719895293438169,End
385f0ad4-e662-2e83-f749-881fbe2b391b,1660719895293446619,End
156f48de-5788-5e9c-cb4f-159efc5bea03,1660719895293455310,End
09409c01-b1eb-1c93-a54c-c44d8cf4d0d8,1660719895293462456,End
09409c01-b1eb-1c93-a54c-c44d8cf4d0d8,1660719895293485422,End
09409c01-b1eb-1c93-a54c-c44d8cf4d0d8,1660719895293495506,End
7065af04-4913-0f95-8f4f-74f543e0a05a,1660719895293507607,Start,ChildOf,09409c01-b1eb-1c93-a54c-c44d8cf4d0d8,SQLQueryImp::basicCall,1,executing,node1
1829379d-ced9-9b87-7c47-b7e3ef6f5dbb,1660719895293523040,Start,ChildOf,09409c01-b1eb-1c93-a54c-c44d8cf4d0d8,SQLQueryImp::basicCall,1,executing,node1
534be3fe-0da2-0ea3-0045-6db1b2bd412a,1660719895293534069,Start,ChildOf,09409c01-b1eb-1c93-a54c-c44d8cf4d0d8,SQLQueryImp::basicCall,1,executing,node1
7065af04-4913-0f95-8f4f-74f543e0a05a,1660719895293538530,End
1829379d-ced9-9b87-7c47-b7e3ef6f5dbb,1660719895293554477,End
09409c01-b1eb-1c93-a54c-c44d8cf4d0d8,1660719895293561517,End
534be3fe-0da2-0ea3-0045-6db1b2bd412a,1660719895293570692,End
09409c01-b1eb-1c93-a54c-c44d8cf4d0d8,1660719895293573837,End
3d9ee974-e3ce-93b0-ce4d-32b67db7a7ab,1660719895293588210,Start,ChildOf,09409c01-b1eb-1c93-a54c-c44d8cf4d0d8,SQLQueryImp::basicCall,1,executing,node1
9862d30e-00ff-9abf-e44b-567b9bd7f37b,1660719895293601654,Start,ChildOf,09409c01-b1eb-1c93-a54c-c44d8cf4d0d8,SQLQueryImp::basicCall,1,executing,node1
09409c01-b1eb-1c93-a54c-c44d8cf4d0d8,1660719895293602350,End
3d9ee974-e3ce-93b0-ce4d-32b67db7a7ab,1660719895293620352,End
9862d30e-00ff-9abf-e44b-567b9bd7f37b,1660719895293632724,End
bc95ef7c-905c-45ac-d848-310eebee319b,1660719895293644411,Start,ChildOf,09409c01-b1eb-1c93-a54c-c44d8cf4d0d8,SQLQueryImp::basicCall,1,executing,node1
09409c01-b1eb-1c93-a54c-c44d8cf4d0d8,1660719895293641162,End
09409c01-b1eb-1c93-a54c-c44d8cf4d0d8,1660719895293658786,End
2b64c662-abaf-0593-5f46-ab780f2744ea,1660719895293669520,Start,ChildOf,09409c01-b1eb-1c93-a54c-c44d8cf4d0d8,SQLQueryImp::basicCall,1,executing,node1
bc95ef7c-905c-45ac-d848-310eebee319b,1660719895293679068,End
9331a962-a721-988a-434e-54cb67231986,1660719895293689748,Start,ChildOf,09409c01-b1eb-1c93-a54c-c44d8cf4d0d8,SQLQueryImp::basicCall,1,executing,node1
2b64c662-abaf-0593-5f46-ab780f2744ea,1660719895293699870,End
09409c01-b1eb-1c93-a54c-c44d8cf4d0d8,1660719895293711042,End
9331a962-a721-988a-434e-54cb67231986,1660719895293723388,End
09409c01-b1eb-1c93-a54c-c44d8cf4d0d8,1660719895293727585,End
a51d1544-8e75-cca6-3640-6a7b5ed1e7f4,1660719895293742215,Start,ChildOf,09409c01-b1eb-1c93-a54c-c44d8cf4d0d8,SQLQueryImp::basicCall,1,executing,node1
09409c01-b1eb-1c93-a54c-c44d8cf4d0d8,1660719895293745328,End
df8e5d99-570f-0a94-fe4d-b6773c5a0343,1660719895293765179,Start,ChildOf,09409c01-b1eb-1c93-a54c-c44d8cf4d0d8,SQLQueryImp::basicCall,1,executing,node1
a51d1544-8e75-cca6-3640-6a7b5ed1e7f4,1660719895293774869,End
068e1ad7-f324-cfb4-b548-d68290a7716b,1660719895293778768,Start,ChildOf,09409c01-b1eb-1c93-a54c-c44d8cf4d0d8,SQLQueryImp::basicCall,1,executing,node1
df8e5d99-570f-0a94-fe4d-b6773c5a0343,1660719895293795646,End
09409c01-b1eb-1c93-a54c-c44d8cf4d0d8,1660719895293803793,End
068e1ad7-f324-cfb4-b548-d68290a7716b,1660719895293807856,End
09409c01-b1eb-1c93-a54c-c44d8cf4d0d8,1660719895293818209,End
59373949-21d2-5b88-824f-d875e2bbabec,1660719895293835101,Start,ChildOf,09409c01-b1eb-1c93-a54c-c44d8cf4d0d8,SQLQueryImp::basicCall,1,executing,node1
09409c01-b1eb-1c93-a54c-c44d8cf4d0d8,1660719895293834377,End
79219573-a866-95b0-274c-8127cafd6df0,1660719895293845796,Start,ChildOf,09409c01-b1eb-1c93-a54c-c44d8cf4d0d8,SQLQueryImp::basicCall,1,executing,node1
fcb773fd-f220-91af-724e-cc749e42511d,1660719895293864170,Start,ChildOf,09409c01-b1eb-1c93-a54c-c44d8cf4d0d8,SQLQueryImp::basicCall,1,executing,node1
59373949-21d2-5b88-824f-d875e2bbabec,1660719895293868448,End
79219573-a866-95b0-274c-8127cafd6df0,1660719895293874951,End
fcb773fd-f220-91af-724e-cc749e42511d,1660719895293895650,End
09409c01-b1eb-1c93-a54c-c44d8cf4d0d8,1660719895293895814,End
09409c01-b1eb-1c93-a54c-c44d8cf4d0d8,1660719895293915516,End
729790df-976a-2f82-b246-ed92007dc061,1660719895293932820,Start,ChildOf,09409c01-b1eb-1c93-a54c-c44d8cf4d0d8,SQLQueryImp::basicCall,1,executing,node1
09409c01-b1eb-1c93-a54c-c44d8cf4d0d8,1660719895293931489,End
b6a88418-5fd1-f5a1-2449-1776d399acc0,1660719895293951137,Start,ChildOf,09409c01-b1eb-1c93-a54c-c44d8cf4d0d8,SQLQueryImp::basicCall,1,executing,node1
c0cf021c-f396-9f88-334c-9b941a3ee341,1660719895293961984,Start,ChildOf,09409c01-b1eb-1c93-a54c-c44d8cf4d0d8,SQLQueryImp::basicCall,1,executing,node1
729790df-976a-2f82-b246-ed92007dc061,1660719895293967281,End
b6a88418-5fd1-f5a1-2449-1776d399acc0,1660719895293982424,End
c0cf021c-f396-9f88-334c-9b941a3ee341,1660719895293992616,End
09409c01-b1eb-1c93-a54c-c44d8cf4d0d8,1660719895293990713,End
09409c01-b1eb-1c93-a54c-c44d8cf4d0d8,1660719895294007381,End
5f5755ff-7ee8-2b92-0349-456ef40251a4,1660719895294019878,Start,ChildOf,09409c01-b1eb-1c93-a54c-c44d8cf4d0d8,SQLQueryImp::basicCall,1,executing,node1
09409c01-b1eb-1c93-a54c-c44d8cf4d0d8,1660719895294021747,End
5773b0e4-231d-14aa-c24a-eee2ffb4e63c,1660719895294036182,Start,ChildOf,09409c01-b1eb-1c93-a54c-c44d8cf4d0d8,SQLQueryImp::basicCall,1,executing,node1
5f5755ff-7ee8-2b92-0349-456ef40251a4,1660719895294048808,End
0235c20d-1fa9-e99a-394d-c9f42b3940d9,1660719895294054477,Start,ChildOf,09409c01-b1eb-1c93-a54c-c44d8cf4d0d8,SQLQueryImp::basicCall,1,executing,node1
5773b0e4-231d-14aa-c24a-eee2ffb4e63c,1660719895294067020,End
0235c20d-1fa9-e99a-394d-c9f42b3940d9,1660719895294084183,End
09409c01-b1eb-1c93-a54c-c44d8cf4d0d8,1660719895294071854,End
09409c01-b1eb-1c93-a54c-c44d8cf4d0d8,1660719895294097721,End
56a1776e-0135-b6b2-7545-a4ec61f73beb,1660719895294116272,Start,ChildOf,09409c01-b1eb-1c93-a54c-c44d8cf4d0d8,SQLQueryImp::basicCall,1,executing,node1
09409c01-b1eb-1c93-a54c-c44d8cf4d0d8,1660719895294115214,End
35819503-8379-20bb-2b45-7471aa93c2c6,1660719895294142558,Start,ChildOf,09409c01-b1eb-1c93-a54c-c44d8cf4d0d8,SQLQueryImp::basicCall,1,executing,node1
56a1776e-0135-b6b2-7545-a4ec61f73beb,1660719895294145703,End
e1b354a3-2ee8-5eb1-7d40-943accd5689b,1660719895294153196,Start,ChildOf,09409c01-b1eb-1c93-a54c-c44d8cf4d0d8,SQLQueryImp::basicCall,1,executing,node1
35819503-8379-20bb-2b45-7471aa93c2c6,1660719895294174185,End
09409c01-b1eb-1c93-a54c-c44d8cf4d0d8,1660719895294170669,End
e1b354a3-2ee8-5eb1-7d40-943accd5689b,1660719895294183492,End
09409c01-b1eb-1c93-a54c-c44d8cf4d0d8,1660719895294194865,End
09409c01-b1eb-1c93-a54c-c44d8cf4d0d8,1660719895294210639,End
9b3348f2-2969-e48e-b346-d2eb36b345ee,1660719895294215937,Start,ChildOf,09409c01-b1eb-1c93-a54c-c44d8cf4d0d8,SQLQueryImp::basicCall,1,executing,node1
6eb20ed0-22a8-4487-9c49-c401f40e5415,1660719895294223191,Start,ChildOf,09409c01-b1eb-1c93-a54c-c44d8cf4d0d8,SQLQueryImp::basicCall,1,executing,node1
92d97a90-902b-758d-634c-76e122b0a66b,1660719895294244307,Start,ChildOf,09409c01-b1eb-1c93-a54c-c44d8cf4d0d8,SQLQueryImp::basicCall,1,executing,node1
9b3348f2-2969-e48e-b346-d2eb36b345ee,1660719895294250039,End
6eb20ed0-22a8-4487-9c49-c401f40e5415,1660719895294251854,End
92d97a90-902b-758d-634c-76e122b0a66b,1660719895294275034,End
09409c01-b1eb-1c93-a54c-c44d8cf4d0d8,1660719895294282526,End
09409c01-b1eb-1c93-a54c-c44d8cf4d0d8,1660719895294291370,End
09409c01-b1eb-1c93-a54c-c44d8cf4d0d8,1660719895294309652,End
157df065-8562-59b3-7143-62746693be6b,1660719895294328559,Start,ChildOf,09409c01-b1eb-1c93-a54c-c44d8cf4d0d8,SQLQueryImp::basicCall,1,executing,node1
5164bb16-61b9-f98b-a548-98b6ead7f4e0,1660719895294352861,Start,ChildOf,09409c01-b1eb-1c93-a54c-c44d8cf4d0d8,SQLQueryImp::basicCall,1,executing,node1
11adf0d1-4dbb-daac-8a48-fbd81534fb24,1660719895294353760,Start,ChildOf,09409c01-b1eb-1c93-a54c-c44d8cf4d0d8,SQLQueryImp::basicCall,1,executing,node1
157df065-8562-59b3-7143-62746693be6b,1660719895294360513,End
5164bb16-61b9-f98b-a548-98b6ead7f4e0,1660719895294384074,End
11adf0d1-4dbb-daac-8a48-fbd81534fb24,1660719895294385093,End
09409c01-b1eb-1c93-a54c-c44d8cf4d0d8,1660719895294386974,End
2dba08c2-66a7-ec97-d741-e6c8215f2571,1660719895294427721,Start,ChildOf,09409c01-b1eb-1c93-a54c-c44d8cf4d0d8,SQLQueryImp::basicCall,1,executing,node1
09409c01-b1eb-1c93-a54c-c44d8cf4d0d8,1660719895294424244,End
09409c01-b1eb-1c93-a54c-c44d8cf4d0d8,1660719895294415448,End
2dba08c2-66a7-ec97-d741-e6c8215f2571,1660719895294462516,End
582ff21e-388f-2196-a54b-1c3f1e650f5e,1660719895294463381,Start,ChildOf,09409c01-b1eb-1c93-a54c-c44d8cf4d0d8,SQLQueryImp::basicCall,1,executing,node1
7206a186-90ad-bdb3-ef4a-e054d8c9ca90,1660719895294463972,Start,ChildOf,09409c01-b1eb-1c93-a54c-c44d8cf4d0d8,SQLQueryImp::basicCall,1,executing,node1
582ff21e-388f-2196-a54b-1c3f1e650f5e,1660719895294492686,End
7206a186-90ad-bdb3-ef4a-e054d8c9ca90,1660719895294498533,End
09409c01-b1eb-1c93-a54c-c44d8cf4d0d8,1660719895294489617,End
09409c01-b1eb-1c93-a54c-c44d8cf4d0d8,1660719895294521540,End
0ade4a47-acd7-93ba-d14b-3df48133faa0,1660719895294529806,Start,ChildOf,09409c01-b1eb-1c93-a54c-c44d8cf4d0d8,SQLQueryImp::basicCall,1,executing,node1
09409c01-b1eb-1c93-a54c-c44d8cf4d0d8,1660719895294538468,End
eff74601-fb3d-1cb0-d44e-9d793bccab9a,1660719895294552392,Start,ChildOf,09409c01-b1eb-1c93-a54c-c44d8cf4d0d8,SQLQueryImp::basicCall,1,executing,node1
9afcb7fc-0ae6-9396-824d-ea9b3cfa63df,1660719895294566537,Start,ChildOf,09409c01-b1eb-1c93-a54c-c44d8cf4d0d8,SQLQueryImp::basicCall,1,executing,node1
0ade4a47-acd7-93ba-d14b-3df48133faa0,1660719895294568551,End
eff74601-fb3d-1cb0-d44e-9d793bccab9a,1660719895294583664,End
9afcb7fc-0ae6-9396-824d-ea9b3cfa63df,1660719895294595543,End
09409c01-b1eb-1c93-a54c-c44d8cf4d0d8,1660719895294594666,End
09409c01-b1eb-1c93-a54c-c44d8cf4d0d8,1660719895294610398,End
5860ce3e-038f-6d8d-1b42-75ef1df2ecef,1660719895294628193,Start,ChildOf,09409c01-b1eb-1c93-a54c-c44d8cf4d0d8,SQLQueryImp::basicCall,1,executing,node1
09409c01-b1eb-1c93-a54c-c44d8cf4d0d8,1660719895294618813,End
15e26772-11e8-51ad-3843-41514011b40f,1660719895294656833,Start,ChildOf,09409c01-b1eb-1c93-a54c-c44d8cf4d0d8,SQLQueryImp::basicCall,1,executing,node1
51cf6df1-ab53-e8ad-0e4f-70e9f633ccf5,1660719895294658183,Start,ChildOf,09409c01-b1eb-1c93-a54c-c44d8cf4d0d8,SQLQueryImp::basicCall,1,executing,node1
5860ce3e-038f-6d8d-1b42-75ef1df2ecef,1660719895294662109,End
51cf6df1-ab53-e8ad-0e4f-70e9f633ccf5,1660719895294686576,End
15e26772-11e8-51ad-3843-41514011b40f,1660719895294688313,End
09409c01-b1eb-1c93-a54c-c44d8cf4d0d8,1660719895294685915,End
6d420fe2-cc68-a5a9-9647-0874b6e67695,1660719895294717267,Start,ChildOf,09409c01-b1eb-1c93-a54c-c44d8cf4d0d8,SQLQueryImp::basicCall,1,executing,node1
09409c01-b1eb-1c93-a54c-c44d8cf4d0d8,1660719895294710633,End
09409c01-b1eb-1c93-a54c-c44d8cf4d0d8,1660719895294730013,End
da2fbb60-8d8b-e28f-da41-6dee6d77dc6b,1660719895294744793,Start,ChildOf,09409c01-b1eb-1c93-a54c-c44d8cf4d0d8,SQLQueryImp::basicCall,1,executing,node1
6d420fe2-cc68-a5a9-9647-0874b6e67695,1660719895294751162,End
1143ddb9-f56c-25ac-8746-33cc292b654a,1660719895294770423,Start,ChildOf,09409c01-b1eb-1c93-a54c-c44d8cf4d0d8,SQLQueryImp::basicCall,1,executing,node1
da2fbb60-8d8b-e28f-da41-6dee6d77dc6b,1660719895294773884,End
09409c01-b1eb-1c93-a54c-c44d8cf4d0d8,1660719895294776425,End
09409c01-b1eb-1c93-a54c-c44d8cf4d0d8,1660719895294793566,End
1143ddb9-f56c-25ac-8746-33cc292b654a,1660719895294799195,End
5f63d49f-dec7-279f-c541-788d8bf8bc90,1660719895294808888,Start,ChildOf,09409c01-b1eb-1c93-a54c-c44d8cf4d0d8,SQLQueryImp::basicCall,1,executing,node1
09409c01-b1eb-1c93-a54c-c44d8cf4d0d8,1660719895294820065,End
3736d0fd-8b96-46a0-324a-a9fab8dbce54,1660719895294826662,Start,ChildOf,09409c01-b1eb-1c93-a54c-c44d8cf4d0d8,SQLQueryImp::basicCall,1,executing,node1
5f63d49f-dec7-279f-c541-788d8bf8bc90,1660719895294842734,End
39584303-52f9-33a1-184c-48e565bff04e,1660719895294846533,Start,ChildOf,09409c01-b1eb-1c93-a54c-c44d8cf4d0d8,SQLQueryImp::basicCall,1,executing,node1
3736d0fd-8b96-46a0-324a-a9fab8dbce54,1660719895294857651,End
39584303-52f9-33a1-184c-48e565bff04e,1660719895294873034,End
09409c01-b1eb-1c93-a54c-c44d8cf4d0d8,1660719895294868310,End
8de36621-0f6b-5b88-284b-433ef4ee7a77,1660719895294906798,Start,ChildOf,09409c01-b1eb-1c93-a54c-c44d8cf4d0d8,SQLQueryImp::basicCall,1,executing,node1
09409c01-b1eb-1c93-a54c-c44d8cf4d0d8,1660719895294898697,End
09409c01-b1eb-1c93-a54c-c44d8cf4d0d8,1660719895294909674,End
3f0be849-2819-fe99-a84e-6176c2586b69,1660719895294937235,Start,ChildOf,09409c01-b1eb-1c93-a54c-c44d8cf4d0d8,SQLQueryImp::basicCall,1,executing,node1
8de36621-0f6b-5b88-284b-433ef4ee7a77,1660719895294942419,End
3d30cedf-66fd-f097-b940-25e7ab28cb4f,1660719895294945842,Start,ChildOf,09409c01-b1eb-1c93-a54c-c44d8cf4d0d8,SQLQueryImp::basicCall,1,executing,node1
9d2a7f18-f465-fa8c-4d47-df588247842f,1660719895294949719,Start,FollowsFrom,cb726c02-b936-e384-3140-287d5f8f5716,GOContainer::addRemoteTask[groupCall],2,executing,node1
3f0be849-2819-fe99-a84e-6176c2586b69,1660719895294968505,End
09409c01-b1eb-1c93-a54c-c44d8cf4d0d8,1660719895294965215,End
3d30cedf-66fd-f097-b940-25e7ab28cb4f,1660719895294971837,End
d4a3966e-4b62-3791-154a-b83eaa671bf0,1660719895294992012,Start,ChildOf,09409c01-b1eb-1c93-a54c-c44d8cf4d0d8,SQLQueryImp::basicCall,1,executing,node1
09409c01-b1eb-1c93-a54c-c44d8cf4d0d8,1660719895295004217,End
d4a3966e-4b62-3791-154a-b83eaa671bf0,1660719895295022448,End
09409c01-b1eb-1c93-a54c-c44d8cf4d0d8,1660719895295011078,End
2e8a738c-f9b3-b49c-5f4f-2edcd3d44ea3,1660719895295042007,Start,ChildOf,09409c01-b1eb-1c93-a54c-c44d8cf4d0d8,SQLQueryImp::basicCall,1,executing,node1
102e3d90-966b-e589-2b4b-c169e7caf449,1660719895295049390,Start,ChildOf,09409c01-b1eb-1c93-a54c-c44d8cf4d0d8,SQLQueryImp::basicCall,1,executing,node1
09409c01-b1eb-1c93-a54c-c44d8cf4d0d8,1660719895295048142,End
cb726c02-b936-e384-3140-287d5f8f5716,1660719895295062756,End
09409c01-b1eb-1c93-a54c-c44d8cf4d0d8,1660719895295063647,End
2e8a738c-f9b3-b49c-5f4f-2edcd3d44ea3,1660719895295072611,End
102e3d90-966b-e589-2b4b-c169e7caf449,1660719895295074638,End
e172c4cf-a4bb-5ab7-3646-9dee3cf0cd9a,1660719895295082054,Start,ChildOf,09409c01-b1eb-1c93-a54c-c44d8cf4d0d8,SQLQueryImp::basicCall,1,executing,node1
46c21e6b-215a-e081-8c47-100d66a0157f,1660719895295096741,Start,ChildOf,ead1e40b-f5cb-e0ac-574a-e6ef5a57f220,SQLQueryImp::basicCall,1,executing,node1
09409c01-b1eb-1c93-a54c-c44d8cf4d0d8,1660719895295101523,End
e172c4cf-a4bb-5ab7-3646-9dee3cf0cd9a,1660719895295115573,End
46c21e6b-215a-e081-8c47-100d66a0157f,1660719895295126136,End
d0e01fdc-f9d0-a7bc-ec4f-6b2babe1f02b,1660719895295129877,Start,ChildOf,09409c01-b1eb-1c93-a54c-c44d8cf4d0d8,SQLQueryImp::basicCall,1,executing,node1
09409c01-b1eb-1c93-a54c-c44d8cf4d0d8,1660719895295123879,End
d0e01fdc-f9d0-a7bc-ec4f-6b2babe1f02b,1660719895295159322,End
633100a9-fbcb-149f-d54d-8b38a7241765,1660719895295160667,Start,ChildOf,09409c01-b1eb-1c93-a54c-c44d8cf4d0d8,SQLQueryImp::basicCall,1,executing,node1
ead1e40b-f5cb-e0ac-574a-e6ef5a57f220,1660719895295160889,End
633100a9-fbcb-149f-d54d-8b38a7241765,1660719895295185337,End
09409c01-b1eb-1c93-a54c-c44d8cf4d0d8,1660719895295183253,End
19fedf31-bd45-4a96-514e-4a06df3b1487,1660719895295210359,Start,ChildOf,ead1e40b-f5cb-e0ac-574a-e6ef5a57f220,SQLQueryImp::basicCall,1,executing,node1
09409c01-b1eb-1c93-a54c-c44d8cf4d0d8,1660719895295153366,End
94c84ca8-02e5-f6aa-004f-94cf62a7c084,1660719895295211492,Start,ChildOf,09409c01-b1eb-1c93-a54c-c44d8cf4d0d8,SQLQueryImp::basicCall,1,executing,node1
09409c01-b1eb-1c93-a54c-c44d8cf4d0d8,1660719895295219224,End
14ef8f47-b9b0-199a-b944-026567c23b5a,1660719895295233904,Start,ChildOf,09409c01-b1eb-1c93-a54c-c44d8cf4d0d8,SQLQueryImp::basicCall,1,executing,node1
19fedf31-bd45-4a96-514e-4a06df3b1487,1660719895295234004,End
94c84ca8-02e5-f6aa-004f-94cf62a7c084,1660719895295240444,End
15298849-1094-b38f-7742-ea532e83f0fa,1660719895295242655,Start,ChildOf,09409c01-b1eb-1c93-a54c-c44d8cf4d0d8,SQLQueryImp::basicCall,1,executing,node1
ead1e40b-f5cb-e0ac-574a-e6ef5a57f220,1660719895295250803,End
14ef8f47-b9b0-199a-b944-026567c23b5a,1660719895295265574,End
15298849-1094-b38f-7742-ea532e83f0fa,1660719895295269414,End
c5b9eb2b-b1ad-06ad-eb4e-9e8e957d84b7,1660719895295283776,Start,ChildOf,ead1e40b-f5cb-e0ac-574a-e6ef5a57f220,SQLQueryImp::basicCall,1,executing,node1
09409c01-b1eb-1c93-a54c-c44d8cf4d0d8,1660719895295278924,End
c5b9eb2b-b1ad-06ad-eb4e-9e8e957d84b7,1660719895295303062,End
ffe2df49-403a-aa94-ab42-0f69d818f4d7,1660719895295313436,Start,ChildOf,09409c01-b1eb-1c93-a54c-c44d8cf4d0d8,SQLQueryImp::basicCall,1,executing,node1
ead1e40b-f5cb-e0ac-574a-e6ef5a57f220,1660719895295318334,End
326c9667-1df6-7ca2-0e44-a5001f1069a6,1660719895295337195,Start,ChildOf,ead1e40b-f5cb-e0ac-574a-e6ef5a57f220,SQLQueryImp::basicCall,1,executing,node1
ffe2df49-403a-aa94-ab42-0f69d818f4d7,1660719895295341560,End
09409c01-b1eb-1c93-a54c-c44d8cf4d0d8,1660719895295338653,End
09409c01-b1eb-1c93-a54c-c44d8cf4d0d8,1660719895295326991,End
326c9667-1df6-7ca2-0e44-a5001f1069a6,1660719895295356368,End
a5122b04-059a-8dbd-e345-62e9ff39c5ce,1660719895295363811,Start,ChildOf,09409c01-b1eb-1c93-a54c-c44d8cf4d0d8,SQLQueryImp::basicCall,1,executing,node1
09409c01-b1eb-1c93-a54c-c44d8cf4d0d8,1660719895295366404,End
366916bd-5b75-43a9-804b-51541a8f6da2,1660719895295376165,Start,ChildOf,09409c01-b1eb-1c93-a54c-c44d8cf4d0d8,SQLQueryImp::basicCall,1,executing,node1
a5122b04-059a-8dbd-e345-62e9ff39c5ce,1660719895295389615,End
ead1e40b-f5cb-e0ac-574a-e6ef5a57f220,1660719895295381928,End
8d916f9c-81b0-7195-5048-9da24d895821,1660719895295394233,Start,ChildOf,09409c01-b1eb-1c93-a54c-c44d8cf4d0d8,SQLQueryImp::basicCall,1,executing,node1
366916bd-5b75-43a9-804b-51541a8f6da2,1660719895295423853,End
d2e2129b-5b53-f4b2-db49-a5a367b9445d,1660719895295428951,Start,ChildOf,ead1e40b-f5cb-e0ac-574a-e6ef5a57f220,SQLQueryImp::basicCall,1,executing,node1
09409c01-b1eb-1c93-a54c-c44d8cf4d0d8,1660719895295428798,End
8d916f9c-81b0-7195-5048-9da24d895821,1660719895295438330,End
09409c01-b1eb-1c93-a54c-c44d8cf4d0d8,1660719895295444605,End
d2e2129b-5b53-f4b2-db49-a5a367b9445d,1660719895295451087,End
07822f98-9250-d3bb-4e4f-7279db07b8b3,1660719895295455268,Start,ChildOf,09409c01-b1eb-1c93-a54c-c44d8cf4d0d8,SQLQueryImp::basicCall,1,executing,node1
09409c01-b1eb-1c93-a54c-c44d8cf4d0d8,1660719895295457461,End
74b206f0-78ce-6692-124e-1318234407a8,1660719895295467639,Start,ChildOf,09409c01-b1eb-1c93-a54c-c44d8cf4d0d8,SQLQueryImp::basicCall,1,executing,node1
ead1e40b-f5cb-e0ac-574a-e6ef5a57f220,1660719895295469006,End
07822f98-9250-d3bb-4e4f-7279db07b8b3,1660719895295479596,End
0205724b-69f7-74b6-c44d-400f062214c6,1660719895295480522,Start,ChildOf,09409c01-b1eb-1c93-a54c-c44d8cf4d0d8,SQLQueryImp::basicCall,1,executing,node1
74b206f0-78ce-6692-124e-1318234407a8,1660719895295494701,End
282a7c56-05f2-4087-ad45-5566c18e1416,1660719895295495108,Start,ChildOf,ead1e40b-f5cb-e0ac-574a-e6ef5a57f220,SQLQueryImp::basicCall,1,executing,node1
0205724b-69f7-74b6-c44d-400f062214c6,1660719895295506450,End
09409c01-b1eb-1c93-a54c-c44d8cf4d0d8,1660719895295497973,End
282a7c56-05f2-4087-ad45-5566c18e1416,1660719895295516225,End
09409c01-b1eb-1c93-a54c-c44d8cf4d0d8,1660719895295520662,End
3ad9430b-3cb6-899b-c243-2bde9d5d87f7,1660719895295527436,Start,ChildOf,09409c01-b1eb-1c93-a54c-c44d8cf4d0d8,SQLQueryImp::basicCall,1,executing,node1
ead1e40b-f5cb-e0ac-574a-e6ef5a57f220,1660719895295534826,End
736842db-7ecf-2db1-5349-e84c563d2c10,1660719895295546913,Start,ChildOf,09409c01-b1eb-1c93-a54c-c44d8cf4d0d8,SQLQueryImp::basicCall,1,executing,node1
3ad9430b-3cb6-899b-c243-2bde9d5d87f7,1660719895295552096,End
da32a675-94f9-019c-ab49-4d0a682b21cd,1660719895295566491,Start,ChildOf,ead1e40b-f5cb-e0ac-574a-e6ef5a57f220,SQLQueryImp::basicCall,1,executing,node1
09409c01-b1eb-1c93-a54c-c44d8cf4d0d8,1660719895295560321,End
736842db-7ecf-2db1-5349-e84c563d2c10,1660719895295576191,End
09409c01-b1eb-1c93-a54c-c44d8cf4d0d8,1660719895295580618,End
da32a675-94f9-019c-ab49-4d0a682b21cd,1660719895295586432,End
a52bd66b-1e1e-528d-ec4f-d8ee68687ca1,1660719895295590638,Start,ChildOf,09409c01-b1eb-1c93-a54c-c44d8cf4d0d8,SQLQueryImp::basicCall,1,executing,node1
af6cf89e-9adc-c7ab-be48-98075cca8346,1660719895295603699,Start,ChildOf,09409c01-b1eb-1c93-a54c-c44d8cf4d0d8,SQLQueryImp::basicCall,1,executing,node1
09409c01-b1eb-1c93-a54c-c44d8cf4d0d8,1660719895295598672,End
a52bd66b-1e1e-528d-ec4f-d8ee68687ca1,1660719895295616578,End
ead1e40b-f5cb-e0ac-574a-e6ef5a57f220,1660719895295616722,End
f5c4c4b6-25f5-228e-0749-9be408119cff,1660719895295623975,Start,ChildOf,09409c01-b1eb-1c93-a54c-c44d8cf4d0d8,SQLQueryImp::basicCall,1,executing,node1
af6cf89e-9adc-c7ab-be48-98075cca8346,1660719895295627738,End
2bbd1cd3-3431-6280-004d-a0774ad6bcdf,1660719895295637402,Start,ChildOf,ead1e40b-f5cb-e0ac-574a-e6ef5a57f220,SQLQueryImp::basicCall,1,executing,node1
f5c4c4b6-25f5-228e-0749-9be408119cff,1660719895295650519,End
09409c01-b1eb-1c93-a54c-c44d8cf4d0d8,1660719895295640589,End
2bbd1cd3-3431-6280-004d-a0774ad6bcdf,1660719895295659515,End
09409c01-b1eb-1c93-a54c-c44d8cf4d0d8,1660719895295648128,End
de219e39-ac5d-95bb-7044-bf52b5b00282,1660719895295678192,Start,ChildOf,09409c01-b1eb-1c93-a54c-c44d8cf4d0d8,SQLQueryImp::basicCall,1,executing,node1
c69c6a90-bcc2-5e99-5546-823874486444,1660719895295688138,Start,ChildOf,09409c01-b1eb-1c93-a54c-c44d8cf4d0d8,SQLQueryImp::basicCall,1,executing,node1
ead1e40b-f5cb-e0ac-574a-e6ef5a57f220,1660719895295693791,End
de219e39-ac5d-95bb-7044-bf52b5b00282,1660719895295705577,End
c69c6a90-bcc2-5e99-5546-823874486444,1660719895295713411,End
09409c01-b1eb-1c93-a54c-c44d8cf4d0d8,1660719895295680528,End
8f9dadac-5201-53a6-2143-2d8b90aee62c,1660719895295731098,Start,ChildOf,ead1e40b-f5cb-e0ac-574a-e6ef5a57f220,SQLQueryImp::basicCall,1,executing,node1
09409c01-b1eb-1c93-a54c-c44d8cf4d0d8,1660719895295727470,End
09409c01-b1eb-1c93-a54c-c44d8cf4d0d8,1660719895295740887,End
8f9dadac-5201-53a6-2143-2d8b90aee62c,1660719895295749261,End
ead1e40b-f5cb-e0ac-574a-e6ef5a57f220,1660719895295765889,End
146e53cb-58a2-f0bd-654f-e77fc79573bd,1660719895295783290,Start,ChildOf,ead1e40b-f5cb-e0ac-574a-e6ef5a57f220,SQLQueryImp::basicCall,1,executing,node1
146e53cb-58a2-f0bd-654f-e77fc79573bd,1660719895295802137,End
ead1e40b-f5cb-e0ac-574a-e6ef5a57f220,1660719895295816216,End
09f89987-5af7-d79b-1346-8a73f21b5b40,1660719895295846443,Start,ChildOf,ead1e40b-f5cb-e0ac-574a-e6ef5a57f220,SQLQueryImp::basicCall,1,executing,node1
09f89987-5af7-d79b-1346-8a73f21b5b40,1660719895295866375,End
ead1e40b-f5cb-e0ac-574a-e6ef5a57f220,1660719895295885705,End
05b36bc6-e1e6-8990-994f-9aff45c12117,1660719895295907719,Start,ChildOf,ead1e40b-f5cb-e0ac-574a-e6ef5a57f220,SQLQueryImp::basicCall,1,executing,node1
05b36bc6-e1e6-8990-994f-9aff45c12117,1660719895295925743,End
ead1e40b-f5cb-e0ac-574a-e6ef5a57f220,1660719895295939621,End
e299f916-6c14-3f89-f749-33f0d1acf2d2,1660719895295959414,Start,ChildOf,ead1e40b-f5cb-e0ac-574a-e6ef5a57f220,SQLQueryImp::basicCall,1,executing,node1
e299f916-6c14-3f89-f749-33f0d1acf2d2,1660719895295977807,End
ead1e40b-f5cb-e0ac-574a-e6ef5a57f220,1660719895295990190,End
e1b08379-2f3f-44a1-ff45-48c9620a7de0,1660719895296012174,Start,ChildOf,ead1e40b-f5cb-e0ac-574a-e6ef5a57f220,SQLQueryImp::basicCall,1,executing,node1
e1b08379-2f3f-44a1-ff45-48c9620a7de0,1660719895296030642,End
ead1e40b-f5cb-e0ac-574a-e6ef5a57f220,1660719895296045912,End
16175974-6e71-0196-244a-013c16368423,1660719895296068696,Start,ChildOf,ead1e40b-f5cb-e0ac-574a-e6ef5a57f220,SQLQueryImp::basicCall,1,executing,node1
16175974-6e71-0196-244a-013c16368423,1660719895296089172,End
ead1e40b-f5cb-e0ac-574a-e6ef5a57f220,1660719895296103130,End
a7637a2d-af02-caaf-b74f-6e820ec26bba,1660719895296124822,Start,ChildOf,ead1e40b-f5cb-e0ac-574a-e6ef5a57f220,SQLQueryImp::basicCall,1,executing,node1
a7637a2d-af02-caaf-b74f-6e820ec26bba,1660719895296143762,End
ead1e40b-f5cb-e0ac-574a-e6ef5a57f220,1660719895296157791,End
3f51dff8-7ad4-47a5-2141-d77838e2ac78,1660719895296177802,Start,ChildOf,ead1e40b-f5cb-e0ac-574a-e6ef5a57f220,SQLQueryImp::basicCall,1,executing,node1
3f51dff8-7ad4-47a5-2141-d77838e2ac78,1660719895296200294,End
ead1e40b-f5cb-e0ac-574a-e6ef5a57f220,1660719895296217225,End
ea380c67-85d0-bf8d-ca40-39340abf0c21,1660719895296238693,Start,ChildOf,ead1e40b-f5cb-e0ac-574a-e6ef5a57f220,SQLQueryImp::basicCall,1,executing,node1
ea380c67-85d0-bf8d-ca40-39340abf0c21,1660719895296263237,End
ead1e40b-f5cb-e0ac-574a-e6ef5a57f220,1660719895296280101,End
8f649b0e-dea4-7b9b-fb4b-881e9bd5c27f,1660719895296301762,Start,ChildOf,ead1e40b-f5cb-e0ac-574a-e6ef5a57f220,SQLQueryImp::basicCall,1,executing,node1
8f649b0e-dea4-7b9b-fb4b-881e9bd5c27f,1660719895296323656,End
ead1e40b-f5cb-e0ac-574a-e6ef5a57f220,1660719895296338039,End
85c3dca7-b136-178f-d84f-7e17369b85ca,1660719895296358964,Start,ChildOf,ead1e40b-f5cb-e0ac-574a-e6ef5a57f220,SQLQueryImp::basicCall,1,executing,node1
85c3dca7-b136-178f-d84f-7e17369b85ca,1660719895296379894,End
ead1e40b-f5cb-e0ac-574a-e6ef5a57f220,1660719895296393049,End
a47f7da9-47e6-c684-6847-04474a5438ec,1660719895296411707,Start,ChildOf,ead1e40b-f5cb-e0ac-574a-e6ef5a57f220,SQLQueryImp::basicCall,1,executing,node1
a47f7da9-47e6-c684-6847-04474a5438ec,1660719895296432797,End
ead1e40b-f5cb-e0ac-574a-e6ef5a57f220,1660719895296447898,End
2329eeaa-d289-5c8e-dd42-56d53e8aa6a2,1660719895296469319,Start,ChildOf,ead1e40b-f5cb-e0ac-574a-e6ef5a57f220,SQLQueryImp::basicCall,1,executing,node1
2329eeaa-d289-5c8e-dd42-56d53e8aa6a2,1660719895296489800,End
ead1e40b-f5cb-e0ac-574a-e6ef5a57f220,1660719895296503166,End
71f5fe72-5498-c58a-aa40-96178fac6f2e,1660719895296521138,Start,ChildOf,ead1e40b-f5cb-e0ac-574a-e6ef5a57f220,SQLQueryImp::basicCall,1,executing,node1
71f5fe72-5498-c58a-aa40-96178fac6f2e,1660719895296544067,End
ead1e40b-f5cb-e0ac-574a-e6ef5a57f220,1660719895296558946,End
5a4b0b57-3771-84aa-de4c-b9ba516ee2f1,1660719895296584079,Start,ChildOf,ead1e40b-f5cb-e0ac-574a-e6ef5a57f220,SQLQueryImp::basicCall,1,executing,node1
5a4b0b57-3771-84aa-de4c-b9ba516ee2f1,1660719895296609053,End
ead1e40b-f5cb-e0ac-574a-e6ef5a57f220,1660719895296625341,End
8b757bf7-6007-a18c-ab4b-25cdb18727f2,1660719895296650880,Start,ChildOf,ead1e40b-f5cb-e0ac-574a-e6ef5a57f220,SQLQueryImp::basicCall,1,executing,node1
8b757bf7-6007-a18c-ab4b-25cdb18727f2,1660719895296679217,End
ead1e40b-f5cb-e0ac-574a-e6ef5a57f220,1660719895296698643,End
f76c32c5-bbee-dfbd-6b45-ddd937b0e838,1660719895296725134,Start,ChildOf,ead1e40b-f5cb-e0ac-574a-e6ef5a57f220,SQLQueryImp::basicCall,1,executing,node1
f76c32c5-bbee-dfbd-6b45-ddd937b0e838,1660719895296753400,End
ead1e40b-f5cb-e0ac-574a-e6ef5a57f220,1660719895296774514,End
ead1e40b-f5cb-e0ac-574a-e6ef5a57f220,1660719895296781772,End
9d2a7f18-f465-fa8c-4d47-df588247842f,1660719895299390084,End
cb726c02-b936-e384-3140-287d5f8f5716,1660719895299395126,End
b21c45d3-a326-298e-8c43-c60527f91422,1660719895299414507,Start,ChildOf,a5307825-c90a-94b8-f244-c20aa0e84bc5,tmp,0,,node1
b21c45d3-a326-298e-8c43-c60527f91422,1660719895299416256,End
a5307825-c90a-94b8-f244-c20aa0e84bc5,1660719895300040411,End
2a2c8b8f-b4ed-2db1-eb48-6eec0092632e,1660719895300122867,End
6f9a2ab1-5b3a-13a8-9842-e621d1463796,1660719895300172348,End
300d28c5-2fa3-6283-b147-89d6b1e2ff70,1660719895292651396,Start,FollowsFrom,81be0808-857e-fe9d-b44d-fb11583a3436,Worker::run,0,begin,node2
fc7a54b5-d451-0daa-894e-800fc4866d63,1660719895292685003,Start,FollowsFrom,35a04f5d-aca0-0193-7349-fd52e57ab482,Worker::run,0,begin,node2
81be0808-857e-fe9d-b44d-fb11583a3436,1660719895292594158,Start,ChildOf,eca7608d-794b-62a7-444b-8c458301b403,receiving request,0,receiving,node2
81be0808-857e-fe9d-b44d-fb11583a3436,1660719895292603431,End
35a04f5d-aca0-0193-7349-fd52e57ab482,1660719895292650477,Start,ChildOf,7af75e64-8633-0c93-9341-7441a25218d8,receiving request,0,receiving,node2
35a04f5d-aca0-0193-7349-fd52e57ab482,1660719895292654945,End
cdcff76d-adb0-329a-6d49-34d3a3566e63,1660719895292758605,Start,ChildOf,300d28c5-2fa3-6283-b147-89d6b1e2ff70,SQLQueryImp::basicCall,1,executing,node2
ace24b87-57fa-b092-0a4a-bb106675f4a4,1660719895292762613,Start,FollowsFrom,d530e9ce-d3a2-d29d-e94c-79f8dbcf53e5,Worker::run,0,begin,node2
97307c32-f4a1-2b98-e343-ba599165fc3d,1660719895292777549,Start,ChildOf,fc7a54b5-d451-0daa-894e-800fc4866d63,SQLQueryImp::basicCall,1,executing,node2
d530e9ce-d3a2-d29d-e94c-79f8dbcf53e5,1660719895292690946,Start,ChildOf,aaa8c005-7078-f0bf-b546-e9bbcb1fff85,receiving request,0,receiving,node2
d530e9ce-d3a2-d29d-e94c-79f8dbcf53e5,1660719895292696641,End
d61f71d7-d59c-47b3-e140-7bb04b5b0eba,1660719895292799696,Start,FollowsFrom,5c98db6e-8413-c7ac-e947-62c76d5e2faf,Worker::run,0,begin,node2
cdcff76d-adb0-329a-6d49-34d3a3566e63,1660719895292804287,End
97307c32-f4a1-2b98-e343-ba599165fc3d,1660719895292810233,End
5c98db6e-8413-c7ac-e947-62c76d5e2faf,1660719895292765368,Start,ChildOf,5dc76f23-8037-1fb0-054c-5afccd4d04f9,receiving request,0,receiving,node2
5c98db6e-8413-c7ac-e947-62c76d5e2faf,1660719895292771188,End
b04de5e7-464a-ec8c-624d-c7774bb6c3a4,1660719895292863342,Start,ChildOf,ace24b87-57fa-b092-0a4a-bb106675f4a4,SQLQueryImp::basicCall,1,executing,node2
300d28c5-2fa3-6283-b147-89d6b1e2ff70,1660719895292864189,End
fc7a54b5-d451-0daa-894e-800fc4866d63,1660719895292871040,End
4354f15d-d54c-0dbe-cb44-e2b1ac048850,1660719895292886138,Start,ChildOf,d61f71d7-d59c-47b3-e140-7bb04b5b0eba,SQLQueryImp::basicCall,1,executing,node2
b04de5e7-464a-ec8c-624d-c7774bb6c3a4,1660719895292895109,End
4dfa6bca-8036-d28f-c747-60198148a013,1660719895292901081,Start,FollowsFrom,57b9ebbc-ba01-68ac-754f-8123ce264e62,Worker::run,0,begin,node2
4354f15d-d54c-0dbe-cb44-e2b1ac048850,1660719895292909155,End
577faf77-2170-2f87-5244-5a84ae94679a,1660719895292910720,Start,FollowsFrom,bdb6d13f-9a4e-889c-9447-ecc08785f80c,Worker::run,0,begin,node2
57b9ebbc-ba01-68ac-754f-8123ce264e62,1660719895292809353,Start,ChildOf,f7c5d611-c6e6-5cb3-494e-bb17b73ae2a1,receiving request,0,receiving,node2
57b9ebbc-ba01-68ac-754f-8123ce264e62,1660719895292812016,End
bdb6d13f-9a4e-889c-9447-ecc08785f80c,1660719895292850125,Start,ChildOf,7abaecbe-00f4-7c86-ea47-390412cbc718,receiving request,0,receiving,node2
bdb6d13f-9a4e-889c-9447-ecc08785f80c,1660719895292852651,End
ace24b87-57fa-b092-0a4a-bb106675f4a4,1660719895292954531,End
d61f71d7-d59c-47b3-e140-7bb04b5b0eba,1660719895292961658,End
33d10f7e-2fe7-3594-cf40-7f9acd2609a7,1660719895292980279,Start,ChildOf,4dfa6bca-8036-d28f-c747-60198148a013,SQLQueryImp::basicCall,1,executing,node2
4e65940e-af02-04b1-6e40-2cc90af7c07d,1660719895293006862,Start,ChildOf,577faf77-2170-2f87-5244-5a84ae94679a,SQLQueryImp::basicCall,1,executing,node2
33d10f7e-2fe7-3594-cf40-7f9acd2609a7,1660719895293008445,End
4e65940e-af02-04b1-6e40-2cc90af7c07d,1660719895293032777,End
4dfa6bca-8036-d28f-c747-60198148a013,1660719895293054831,End
577faf77-2170-2f87-5244-5a84ae94679a,1660719895293083328,End
dfce04ea-8c5b-4da6-0147-45ecb1be2c5f,1660719895295137411,Start,FollowsFrom,1a8d5a45-4723-fcb9-654c-e007b1d72309,Worker::run,0,begin,node2
1a8d5a45-4723-fcb9-654c-e007b1d72309,1660719895295097794,Start,ChildOf,9d2a7f18-f465-fa8c-4d47-df588247842f,receiving request,0,receiving,node2
1a8d5a45-4723-fcb9-654c-e007b1d72309,1660719895295107275,End
f6472d2f-1c91-1298-d946-974a85c2a7f6,1660719895295663481,Start,ChildOf,dfce04ea-8c5b-4da6-0147-45ecb1be2c5f,StaticStageExecutor::execute[probing],2,executing,node2
f6472d2f-1c91-1298-d946-974a85c2a7f6,1660719895295667201,End
a212c405-832b-76a6-5143-b95e962062d4,1660719895295680921,Start,ChildOf,dfce04ea-8c5b-4da6-0147-45ecb1be2c5f,StaticStageExecutor::execute[localExecutor],2,executing,node2
50cf1ceb-5e18-678a-f441-fe670e53e6aa,1660719895295693409,Start,ChildOf,dfce04ea-8c5b-4da6-0147-45ecb1be2c5f,StaticStageExecutor::execute[remote],2,executing,node2
9cff6ad8-fe20-47ba-f84b-4effcc2e0fc1,1660719895295706519,Start,ChildOf,dfce04ea-8c5b-4da6-0147-45ecb1be2c5f,StaticStageExecutor::execute[local],2,executing,node2
bc80087b-e7d1-4b9a-1e4f-104b190e7078,1660719895295780095,Start,ChildOf,a212c405-832b-76a6-5143-b95e962062d4,SQLQueryImp::basicCall,1,executing,node2
06688e81-6ad1-b1b0-7241-092a9b13547c,1660719895295795936,Start,ChildOf,a212c405-832b-76a6-5143-b95e962062d4,SQLQueryImp::basicCall,1,executing,node2
bc80087b-e7d1-4b9a-1e4f-104b190e7078,1660719895295810771,End
15588410-60b2-2585-bc4d-8fc29cb9add9,1660719895295821964,Start,ChildOf,a212c405-832b-76a6-5143-b95e962062d4,SQLQueryImp::basicCall,1,executing,node2
06688e81-6ad1-b1b0-7241-092a9b13547c,1660719895295822271,End
a212c405-832b-76a6-5143-b95e962062d4,1660719895295834273,End
15588410-60b2-2585-bc4d-8fc29cb9add9,1660719895295858320,End
a212c405-832b-76a6-5143-b95e962062d4,1660719895295850475,End
a212c405-832b-76a6-5143-b95e962062d4,1660719895295878611,End
ed842a10-fe08-db93-094c-6cd9679075d0,1660719895295903127,Start,ChildOf,a212c405-832b-76a6-5143-b95e962062d4,SQLQueryImp::basicCall,1,executing,node2
28311765-70ba-78ae-4a4c-18d2016fe7d9,1660719895295913821,Start,ChildOf,a212c405-832b-76a6-5143-b95e962062d4,SQLQueryImp::basicCall,1,executing,node2
ed842a10-fe08-db93-094c-6cd9679075d0,1660719895295933145,End
73c340af-d589-ce89-8640-cc534a04a27a,1660719895295934881,Start,ChildOf,a212c405-832b-76a6-5143-b95e962062d4,SQLQueryImp::basicCall,1,executing,node2
28311765-70ba-78ae-4a4c-18d2016fe7d9,1660719895295938866,End
a212c405-832b-76a6-5143-b95e962062d4,1660719895295951084,End
73c340af-d589-ce89-8640-cc534a04a27a,1660719895295962810,End
a212c405-832b-76a6-5143-b95e962062d4,1660719895295964674,End
a212c405-832b-76a6-5143-b95e962062d4,1660719895295981615,End
50cf1ceb-5e18-678a-f441-fe670e53e6aa,1660719895295998235,End
a212c405-832b-76a6-5143-b95e962062d4,1660719895296000569,End
e28ef6cc-d632-8aad-cf4f-dd31bb284798,1660719895296002274,Start,ChildOf,a212c405-832b-76a6-5143-b95e962062d4,SQLQueryImp::basicCall,1,executing,node2
629828f9-51b2-52b8-5b4c-f33453405cf3,1660719895296013374,Start,ChildOf,a212c405-832b-76a6-5143-b95e962062d4,SQLQueryImp::basicCall,1,executing,node2
e28ef6cc-d632-8aad-cf4f-dd31bb284798,1660719895296028082,End
2ea34ff0-950d-8fb1-aa41-42fed9841915,1660719895296034536,Start,ChildOf,a212c405-832b-76a6-5143-b95e962062d4,SQLQueryImp::basicCall,1,executing,node2
7e3a10bc-715f-559f-4d45-7a8174905cf2,1660719895296040825,Start,ChildOf,9cff6ad8-fe20-47ba-f84b-4effcc2e0fc1,SQLQueryImp::basicCall,1,executing,node2
629828f9-51b2-52b8-5b4c-f33453405cf3,1660719895296043372,End
2ea34ff0-950d-8fb1-aa41-42fed9841915,1660719895296060078,End
a212c405-832b-76a6-5143-b95e962062d4,1660719895296057845,End
7e3a10bc-715f-559f-4d45-7a8174905cf2,1660719895296066726,End
a212c405-832b-76a6-5143-b95e962062d4,1660719895296084083,End
a212c405-832b-76a6-5143-b95e962062d4,1660719895296073365,End
9cff6ad8-fe20-47ba-f84b-4effcc2e0fc1,1660719895296097462,End
90800b84-831a-3e87-a24f-88dffe4bb797,1660719895296107708,Start,ChildOf,a212c405-832b-76a6-5143-b95e962062d4,SQLQueryImp::basicCall,1,executing,node2
90800b84-831a-3e87-a24f-88dffe4bb797,1660719895296133587,End
a3ddb880-aec0-1a82-e041-82543af81d64,1660719895296134601,Start,ChildOf,a212c405-832b-76a6-5143-b95e962062d4,SQLQueryImp::basicCall,1,executing,node2
d94ad4dc-389e-9991-044e-f262ccecd1c4,1660719895296150730,Start,ChildOf,a212c405-832b-76a6-5143-b95e962062d4,SQLQueryImp::basicCall,1,executing,node2
7566866d-8efd-adb0-6843-d2fa14b905bd,1660719895296151288,Start,ChildOf,9cff6ad8-fe20-47ba-f84b-4effcc2e0fc1,SQLQueryImp::basicCall,1,executing,node2
a212c405-832b-76a6-5143-b95e962062d4,1660719895296158615,End
a3ddb880-aec0-1a82-e041-82543af81d64,1660719895296168906,End
7566866d-8efd-adb0-6843-d2fa14b905bd,1660719895296171258,End
d94ad4dc-389e-9991-044e-f262ccecd1c4,1660719895296177551,End
a212c405-832b-76a6-5143-b95e962062d4,1660719895296187910,End
481670ef-8908-37b4-e84e-75aeaeb693f2,1660719895296211203,Start,ChildOf,a212c405-832b-76a6-5143-b95e962062d4,SQLQueryImp::basicCall,1,executing,node2
a212c405-832b-76a6-5143-b95e962062d4,1660719895296206464,End
9cff6ad8-fe20-47ba-f84b-4effcc2e0fc1,1660719895296215064,End
481670ef-8908-37b4-e84e-75aeaeb693f2,1660719895296238066,End
f6f32a07-98f9-f5b5-1144-f57c979a4177,1660719895296241620,Start,ChildOf,a212c405-832b-76a6-5143-b95e962062d4,SQLQueryImp::basicCall,1,executing,node2
a212c405-832b-76a6-5143-b95e962062d4,1660719895296256151,End
f6f32a07-98f9-f5b5-1144-f57c979a4177,1660719895296263525,End
d0192436-3367-c7ae-b04c-6c05ec12fd8e,1660719895296265274,Start,ChildOf,a212c405-832b-76a6-5143-b95e962062d4,SQLQueryImp::basicCall,1,executing,node2
a5ed4b92-5b9f-529a-c84b-ef91ddf93ce0,1660719895296275417,Start,ChildOf,9cff6ad8-fe20-47ba-f84b-4effcc2e0fc1,SQLQueryImp::basicCall,1,executing,node2
a212c405-832b-76a6-5143-b95e962062d4,1660719895296281058,End
d0192436-3367-c7ae-b04c-6c05ec12fd8e,1660719895296290594,End
a5ed4b92-5b9f-529a-c84b-ef91ddf93ce0,1660719895296294481,End
55059bc3-f84d-dfb4-dd43-b020b210a607,1660719895296305947,Start,ChildOf,a212c405-832b-76a6-5143-b95e962062d4,SQLQueryImp::basicCall,1,executing,node2
525cf927-4a5b-d1ac-3c40-3ea455e18acb,1660719895296322152,Start,ChildOf,a212c405-832b-76a6-5143-b95e962062d4,SQLQueryImp::basicCall,1,executing,node2
55059bc3-f84d-dfb4-dd43-b020b210a607,1660719895296331600,End
a212c405-832b-76a6-5143-b95e962062d4,1660719895296310973,End
9cff6ad8-fe20-47ba-f84b-4effcc2e0fc1,1660719895296326671,End
525cf927-4a5b-d1ac-3c40-3ea455e18acb,1660719895296340422,End
a212c405-832b-76a6-5143-b95e962062d4,1660719895296364441,End
9477e841-41f8-dba1-eb4d-748268fd1fd1,1660719895296376586,Start,ChildOf,a212c405-832b-76a6-5143-b95e962062d4,SQLQueryImp::basicCall,1,executing,node2
a212c405-832b-76a6-5143-b95e962062d4,1660719895296375220,End
b18f9adf-e0f6-7391-e14d-e18aa8123dab,1660719895296400889,Start,ChildOf,9cff6ad8-fe20-47ba-f84b-4effcc2e0fc1,SQLQueryImp::basicCall,1,executing,node2
9477e841-41f8-dba1-eb4d-748268fd1fd1,1660719895296401535,End
500c8ed7-d145-919f-244a-b269a5eb3e16,1660719895296411224,Start,ChildOf,a212c405-832b-76a6-5143-b95e962062d4,SQLQueryImp::basicCall,1,executing,node2
28ae8b92-30e3-439d-0849-00b9d1e4c414,1660719895296415870,Start,ChildOf,a212c405-832b-76a6-5143-b95e962062d4,SQLQueryImp::basicCall,1,executing,node2
a212c405-832b-76a6-5143-b95e962062d4,1660719895296418932,End
b18f9adf-e0f6-7391-e14d-e18aa8123dab,1660719895296426176,End
500c8ed7-d145-919f-244a-b269a5eb3e16,1660719895296430357,End
28ae8b92-30e3-439d-0849-00b9d1e4c414,1660719895296442177,End
9ca8a51d-8221-db92-1b44-d256b6e282b5,1660719895296464517,Start,ChildOf,a212c405-832b-76a6-5143-b95e962062d4,SQLQueryImp::basicCall,1,executing,node2
a212c405-832b-76a6-5143-b95e962062d4,1660719895296460435,End
a212c405-832b-76a6-5143-b95e962062d4,1660719895296470005,End
9cff6ad8-fe20-47ba-f84b-4effcc2e0fc1,1660719895296443532,End
9ca8a51d-8221-db92-1b44-d256b6e282b5,1660719895296489732,End
57e0b68a-d34f-2d94-764e-9f8e6c42bd55,1660719895296509296,Start,ChildOf,a212c405-832b-76a6-5143-b95e962062d4,SQLQueryImp::basicCall,1,executing,node2
a212c405-832b-76a6-5143-b95e962062d4,1660719895296506679,End
706e2ba5-8d69-7e99-4644-078b097060e5,1660719895296526206,Start,ChildOf,a212c405-832b-76a6-5143-b95e962062d4,SQLQueryImp::basicCall,1,executing,node2
b882dbc4-e035-d4b0-bc45-92cf8303e1d1,1660719895296530590,Start,ChildOf,9cff6ad8-fe20-47ba-f84b-4effcc2e0fc1,SQLQueryImp::basicCall,1,executing,node2
57e0b68a-d34f-2d94-764e-9f8e6c42bd55,1660719895296532513,End
b882dbc4-e035-d4b0-bc45-92cf8303e1d1,1660719895296551493,End
706e2ba5-8d69-7e99-4644-078b097060e5,1660719895296553685,End
d377e068-1109-b881-174a-e6d2c017cd80,1660719895296555812,Start,ChildOf,a212c405-832b-76a6-5143-b95e962062d4,SQLQueryImp::basicCall,1,executing,node2
a212c405-832b-76a6-5143-b95e962062d4,1660719895296550495,End
9cff6ad8-fe20-47ba-f84b-4effcc2e0fc1,1660719895296568992,End
d377e068-1109-b881-174a-e6d2c017cd80,1660719895296583292,End
0a52a3e5-4d25-36a9-074a-ad19ecc790ae,1660719895296596689,Start,ChildOf,a212c405-832b-76a6-5143-b95e962062d4,SQLQueryImp::basicCall,1,executing,node2
a212c405-832b-76a6-5143-b95e962062d4,1660719895296598200,End
0a52a3e5-4d25-36a9-074a-ad19ecc790ae,1660719895296618454,End
a212c405-832b-76a6-5143-b95e962062d4,1660719895296612127,End
7a797eda-20b7-8cbf-134e-f86d035f61b5,1660719895296626753,Start,ChildOf,9cff6ad8-fe20-47ba-f84b-4effcc2e0fc1,SQLQueryImp::basicCall,1,executing,node2
a212c405-832b-76a6-5143-b95e962062d4,1660719895296634326,End
aa300b22-2c8e-b1bc-c940-256668b47292,1660719895296649304,Start,ChildOf,a212c405-832b-76a6-5143-b95e962062d4,SQLQueryImp::basicCall,1,executing,node2
7a797eda-20b7-8cbf-134e-f86d035f61b5,1660719895296651656,End
9cff6ad8-fe20-47ba-f84b-4effcc2e0fc1,1660719895296665969,End
f39fd76f-5fae-dd96-2c4d-22f2a387fdbd,1660719895296674343,Start,ChildOf,a212c405-832b-76a6-5143-b95e962062d4,SQLQueryImp::basicCall,1,executing,node2
aa300b22-2c8e-b1bc-c940-256668b47292,1660719895296677101,End
180def83-c141-a391-f844-c7c9016baf1e,1660719895296679694,Start,ChildOf,a212c405-832b-76a6-5143-b95e962062d4,SQLQueryImp::basicCall,1,executing,node2
f39fd76f-5fae-dd96-2c4d-22f2a387fdbd,1660719895296693964,End
a212c405-832b-76a6-5143-b95e962062d4,1660719895296695656,End
f5a2a38f-3360-828f-344b-7a6efe56594e,1660719895296706464,Start,ChildOf,9cff6ad8-fe20-47ba-f84b-4effcc2e0fc1,SQLQueryImp::basicCall,1,executing,node2
180def83-c141-a391-f844-c7c9016baf1e,1660719895296706763,End
a212c405-832b-76a6-5143-b95e962062d4,1660719895296709499,End
f5a2a38f-3360-828f-344b-7a6efe56594e,1660719895296728919,End
a212c405-832b-76a6-5143-b95e962062d4,1660719895296733798,End
11fe84c2-e2ff-7081-f642-66c28ee4e9ac,1660719895296744318,Start,ChildOf,a212c405-832b-76a6-5143-b95e962062d4,SQLQueryImp::basicCall,1,executing,node2
9cff6ad8-fe20-47ba-f84b-4effcc2e0fc1,1660719895296743867,End
c179976a-b05b-81a1-3f44-2e13a4ceeaac,1660719895296752907,Start,ChildOf,a212c405-832b-76a6-5143-b95e962062d4,SQLQueryImp::basicCall,1,executing,node2
11fe84c2-e2ff-7081-f642-66c28ee4e9ac,1660719895296770706,End
c179976a-b05b-81a1-3f44-2e13a4ceeaac,1660719895296775238,End
2edc7cf6-bc7e-f8b3-7b42-ee2b9a302ffe,1660719895296783002,Start,ChildOf,a212c405-832b-76a6-5143-b95e962062d4,SQLQueryImp::basicCall,1,executing,node2
c6c6d356-4b73-f199-5c46-22afc62ac82c,1660719895296786899,Start,ChildOf,9cff6ad8-fe20-47ba-f84b-4effcc2e0fc1,SQLQueryImp::basicCall,1,executing,node2
2edc7cf6-bc7e-f8b3-7b42-ee2b9a302ffe,1660719895296804787,End
a212c405-832b-76a6-5143-b95e962062d4,1660719895296793064,End
c6c6d356-4b73-f199-5c46-22afc62ac82c,1660719895296809825,End
a212c405-832b-76a6-5143-b95e962062d4,1660719895296812383,End
a212c405-832b-76a6-5143-b95e962062d4,1660719895296825808,End
9cff6ad8-fe20-47ba-f84b-4effcc2e0fc1,1660719895296837004,End
c7c4c29a-e33b-508d-f341-d5d33bb21f95,1660719895296850650,Start,ChildOf,a212c405-832b-76a6-5143-b95e962062d4,SQLQueryImp::basicCall,1,executing,node2
64bb3635-99b2-7687-9c40-83849c690b53,1660719895296857397,Start,ChildOf,a212c405-832b-76a6-5143-b95e962062d4,SQLQueryImp::basicCall,1,executing,node2
75fc7032-325f-b395-a84c-df3aa8d879c2,1660719895296865373,Start,ChildOf,a212c405-832b-76a6-5143-b95e962062d4,SQLQueryImp::basicCall,1,executing,node2
c7c4c29a-e33b-508d-f341-d5d33bb21f95,1660719895296876800,End
75fc7032-325f-b395-a84c-df3aa8d879c2,1660719895296884017,End
ab263460-e0bd-f296-9548-8c0f32d07e0a,1660719895296889610,Start,ChildOf,9cff6ad8-fe20-47ba-f84b-4effcc2e0fc1,SQLQueryImp::basicCall,1,executing,node2
a212c405-832b-76a6-5143-b95e962062d4,1660719895296897468,End
ab263460-e0bd-f296-9548-8c0f32d07e0a,1660719895296912945,End
a212c405-832b-76a6-5143-b95e962062d4,1660719895296914048,End
9cff6ad8-fe20-47ba-f84b-4effcc2e0fc1,1660719895296930355,End
c39f5b46-4448-a9b5-2248-bbbccebc52e2,1660719895296945047,Start,ChildOf,a212c405-832b-76a6-5143-b95e962062d4,SQLQueryImp::basicCall,1,executing,node2
f56e845e-3c91-07b0-df44-d028ed64182a,1660719895296950814,Start,ChildOf,a212c405-832b-76a6-5143-b95e962062d4,SQLQueryImp::basicCall,1,executing,node2
f56e845e-3c91-07b0-df44-d028ed64182a,1660719895296968804,End
c39f5b46-4448-a9b5-2248-bbbccebc52e2,1660719895296971737,End
51280420-f915-7097-bd4c-0fb73372a0d1,1660719895296980168,Start,ChildOf,9cff6ad8-fe20-47ba-f84b-4effcc2e0fc1,SQLQueryImp::basicCall,1,executing,node2
64bb3635-99b2-7687-9c40-83849c690b53,1660719895296991471,End
a212c405-832b-76a6-5143-b95e962062d4,1660719895296985737,End
51280420-f915-7097-bd4c-0fb73372a0d1,1660719895297003157,End
a212c405-832b-76a6-5143-b95e962062d4,1660719895297003947,End
a212c405-832b-76a6-5143-b95e962062d4,1660719895297010333,End
db242e97-4205-bf94-5547-e597c789f5ff,1660719895297030488,Start,ChildOf,a212c405-832b-76a6-5143-b95e962062d4,SQLQueryImp::basicCall,1,executing,node2
9cff6ad8-fe20-47ba-f84b-4effcc2e0fc1,1660719895297031813,End
db242e97-4205-bf94-5547-e597c789f5ff,1660719895297050351,End
891d2862-10ee-1883-2a47-aa9cb825687c,1660719895297060744,Start,ChildOf,a212c405-832b-76a6-5143-b95e962062d4,SQLQueryImp::basicCall,1,executing,node2
31c9a12d-e694-5287-0a41-97fc92235046,1660719895297061604,Start,ChildOf,a212c405-832b-76a6-5143-b95e962062d4,SQLQueryImp::basicCall,1,executing,node2
a212c405-832b-76a6-5143-b95e962062d4,1660719895297065459,End
392f38fd-a4ce-1687-7d40-9a11c00cdd98,1660719895297079473,Start,ChildOf,9cff6ad8-fe20-47ba-f84b-4effcc2e0fc1,SQLQueryImp::basicCall,1,executing,node2
891d2862-10ee-1883-2a47-aa9cb825687c,1660719895297086021,End
31c9a12d-e694-5287-0a41-97fc92235046,1660719895297088384,End
392f38fd-a4ce-1687-7d40-9a11c00cdd98,1660719895297102800,End
dc731f3a-fe6e-faa9-2743-44a774cdae53,1660719895297107138,Start,ChildOf,a212c405-832b-76a6-5143-b95e962062d4,SQLQueryImp::basicCall,1,executing,node2
a212c405-832b-76a6-5143-b95e962062d4,1660719895297101418,End
dc731f3a-fe6e-faa9-2743-44a774cdae53,1660719895297124583,End
a212c405-832b-76a6-5143-b95e962062d4,1660719895297108804,End
f271ef3c-33c0-8899-fd44-b6ce81cb686f,1660719895297148702,Start,ChildOf,a212c405-832b-76a6-5143-b95e962062d4,SQLQueryImp::basicCall,1,executing,node2
9cff6ad8-fe20-47ba-f84b-4effcc2e0fc1,1660719895297128808,End
a212c405-832b-76a6-5143-b95e962062d4,1660719895297145174,End
f271ef3c-33c0-8899-fd44-b6ce81cb686f,1660719895297174438,End
a212c405-832b-76a6-5143-b95e962062d4,1660719895297188329,End
57a1d086-b293-dfa9-dc44-84d606434b4e,1660719895297192820,Start,ChildOf,a212c405-832b-76a6-5143-b95e962062d4,SQLQueryImp::basicCall,1,executing,node2
80d5adc2-23f6-189b-394f-712ea8869c1b,1660719895297205986,Start,ChildOf,a212c405-832b-76a6-5143-b95e962062d4,SQLQueryImp::basicCall,1,executing,node2
70194903-05b3-1f9e-0646-2674ee6e832e,1660719895297211123,Start,ChildOf,9cff6ad8-fe20-47ba-f84b-4effcc2e0fc1,SQLQueryImp::basicCall,1,executing,node2
57a1d086-b293-dfa9-dc44-84d606434b4e,1660719895297212419,End
73fa5ad2-357a-1e99-0d40-a009d6284467,1660719895297226079,Start,ChildOf,a212c405-832b-76a6-5143-b95e962062d4,SQLQueryImp::basicCall,1,executing,node2
80d5adc2-23f6-189b-394f-712ea8869c1b,1660719895297233110,End
a212c405-832b-76a6-5143-b95e962062d4,1660719895297226614,End
70194903-05b3-1f9e-0646-2674ee6e832e,1660719895297236010,End
73fa5ad2-357a-1e99-0d40-a009d6284467,1660719895297243983,End
a212c405-832b-76a6-5143-b95e962062d4,1660719895297252704,End
2e091014-4273-ed8a-4e45-02da0749da4c,1660719895297267810,Start,ChildOf,a212c405-832b-76a6-5143-b95e962062d4,SQLQueryImp::basicCall,1,executing,node2
a212c405-832b-76a6-5143-b95e962062d4,1660719895297269300,End
2e091014-4273-ed8a-4e45-02da0749da4c,1660719895297286112,End
9cff6ad8-fe20-47ba-f84b-4effcc2e0fc1,1660719895297287531,End
a212c405-832b-76a6-5143-b95e962062d4,1660719895297301327,End
cc2728dd-b516-65bb-9d40-5c843e287b1b,1660719895297304609,Start,ChildOf,a212c405-832b-76a6-5143-b95e962062d4,SQLQueryImp::basicCall,1,executing,node2
aad3e920-6321-0986-2949-4403196a85da,1660719895297312544,Start,ChildOf,a212c405-832b-76a6-5143-b95e962062d4,SQLQueryImp::basicCall,1,executing,node2
cc2728dd-b516-65bb-9d40-5c843e287b1b,1660719895297331419,End
aad3e920-6321-0986-2949-4403196a85da,1660719895297332460,End
00aac917-cf3e-eca0-b740-391006ffecdf,1660719895297338075,Start,ChildOf,a212c405-832b-76a6-5143-b95e962062d4,SQLQueryImp::basicCall,1,executing,node2
014571b2-6a05-87b3-4545-2f081c895c95,1660719895297347012,Start,ChildOf,9cff6ad8-fe20-47ba-f84b-4effcc2e0fc1,SQLQueryImp::basicCall,1,executing,node2
00aac917-cf3e-eca0-b740-391006ffecdf,1660719895297356134,End
a212c405-832b-76a6-5143-b95e962062d4,1660719895297359820,End
014571b2-6a05-87b3-4545-2f081c895c95,1660719895297370011,End
a212c405-832b-76a6-5143-b95e962062d4,1660719895297348589,End
a212c405-832b-76a6-5143-b95e962062d4,1660719895297380082,End
9cff6ad8-fe20-47ba-f84b-4effcc2e0fc1,1660719895297393151,End
a16f829e-da45-c3a0-4a44-37dc441c43ab,1660719895297426384,Start,ChildOf,a212c405-832b-76a6-5143-b95e962062d4,SQLQueryImp::basicCall,1,executing,node2
47ecc60a-678b-90b1-5d42-495275ca8946,1660719895297427703,Start,ChildOf,a212c405-832b-76a6-5143-b95e962062d4,SQLQueryImp::basicCall,1,executing,node2
6d64a6b8-2c66-5ebc-854a-c7c23aa5b3bf,1660719895297429091,Start,ChildOf,a212c405-832b-76a6-5143-b95e962062d4,SQLQueryImp::basicCall,1,executing,node2
e4ccc750-2f58-dc9d-774e-bf3e2709a9cd,1660719895297438333,Start,ChildOf,9cff6ad8-fe20-47ba-f84b-4effcc2e0fc1,SQLQueryImp::basicCall,1,executing,node2
6d64a6b8-2c66-5ebc-854a-c7c23aa5b3bf,1660719895297448962,End
a16f829e-da45-c3a0-4a44-37dc441c43ab,1660719895297448857,End
e4ccc750-2f58-dc9d-774e-bf3e2709a9cd,1660719895297461969,End
a212c405-832b-76a6-5143-b95e962062d4,1660719895297483545,End
a212c405-832b-76a6-5143-b95e962062d4,1660719895297491995,End
9cff6ad8-fe20-47ba-f84b-4effcc2e0fc1,1660719895297503392,End
d2f49cea-2353-9ead-0442-d1ef5f1ea678,1660719895297522355,Start,ChildOf,a212c405-832b-76a6-5143-b95e962062d4,SQLQueryImp::basicCall,1,executing,node2
6cb5aa16-a1c3-3fb9-0441-4a812ee2adcc,1660719895297528545,Start,ChildOf,a212c405-832b-76a6-5143-b95e962062d4,SQLQueryImp::basicCall,1,executing,node2
d2f49cea-2353-9ead-0442-d1ef5f1ea678,1660719895297542491,End
6cb5aa16-a1c3-3fb9-0441-4a812ee2adcc,1660719895297546521,End
223a6e80-003e-88b8-1c4f-5e9fbed690ab,1660719895297554081,Start,ChildOf,9cff6ad8-fe20-47ba-f84b-4effcc2e0fc1,SQLQueryImp::basicCall,1,executing,node2
47ecc60a-678b-90b1-5d42-495275ca8946,1660719895297558931,End
a212c405-832b-76a6-5143-b95e962062d4,1660719895297558586,End
a212c405-832b-76a6-5143-b95e962062d4,1660719895297568681,End
223a6e80-003e-88b8-1c4f-5e9fbed690ab,1660719895297579801,End
a212c405-832b-76a6-5143-b95e962062d4,1660719895297582460,End
07de9e6c-5805-cbb3-c24c-bf6da17e6e3e,1660719895297593365,Start,ChildOf,a212c405-832b-76a6-5143-b95e962062d4,SQLQueryImp::basicCall,1,executing,node2
9cff6ad8-fe20-47ba-f84b-4effcc2e0fc1,1660719895297598313,End
42306665-dc7b-c9ba-734a-236659472f55,1660719895297604645,Start,ChildOf,a212c405-832b-76a6-5143-b95e962062d4,SQLQueryImp::basicCall,1,executing,node2
07de9e6c-5805-cbb3-c24c-bf6da17e6e3e,1660719895297610733,End
42306665-dc7b-c9ba-734a-236659472f55,1660719895297621776,End
a212c405-832b-76a6-5143-b95e962062d4,1660719895297624135,End
d88ed6f0-0379-c081-2c46-a10a90718060,1660719895297633990,Start,ChildOf,a212c405-832b-76a6-5143-b95e962062d4,SQLQueryImp::basicCall,1,executing,node2
a212c405-832b-76a6-5143-b95e962062d4,1660719895297640086,End
5a8dbcaf-1037-59ab-9f42-8a10eeebbb06,1660719895297651404,Start,ChildOf,9cff6ad8-fe20-47ba-f84b-4effcc2e0fc1,SQLQueryImp::basicCall,1,executing,node2
d88ed6f0-0379-c081-2c46-a10a90718060,1660719895297661457,End
e26e933e-fe32-33bb-7545-e4a99b85a29e,1660719895297669249,Start,ChildOf,a212c405-832b-76a6-5143-b95e962062d4,SQLQueryImp::basicCall,1,executing,node2
add07917-f7a2-b0b5-cd43-70b5acfe2a2a,1660719895297676841,Start,ChildOf,a212c405-832b-76a6-5143-b95e962062d4,SQLQueryImp::basicCall,1,executing,node2
5a8dbcaf-1037-59ab-9f42-8a10eeebbb06,1660719895297676905,End
a212c405-832b-76a6-5143-b95e962062d4,1660719895297681608,End
e26e933e-fe32-33bb-7545-e4a99b85a29e,1660719895297687463,End
add07917-f7a2-b0b5-cd43-70b5acfe2a2a,1660719895297700658,End
a212c405-832b-76a6-5143-b95e962062d4,1660719895297715817,End
eaa55c5a-49db-2fa1-9443-69951c94c6fa,1660719895297730061,Start,ChildOf,a212c405-832b-76a6-5143-b95e962062d4,SQLQueryImp::basicCall,1,executing,node2
a212c405-832b-76a6-5143-b95e962062d4,1660719895297726848,End
9cff6ad8-fe20-47ba-f84b-4effcc2e0fc1,1660719895297706108,End
eaa55c5a-49db-2fa1-9443-69951c94c6fa,1660719895297755236,End
3a02d98e-785a-6d87-a14d-034bd76bd543,1660719895297758455,Start,ChildOf,a212c405-832b-76a6-5143-b95e962062d4,SQLQueryImp::basicCall,1,executing,node2
28da23b1-3fc8-d788-444c-bb380892757a,1660719895297763745,Start,ChildOf,a212c405-832b-76a6-5143-b95e962062d4,SQLQueryImp::basicCall,1,executing,node2
3a02d98e-785a-6d87-a14d-034bd76bd543,1660719895297777665,End
4e53db60-9dac-9296-a34e-2efb6e8ed16a,1660719895297781066,Start,ChildOf,9cff6ad8-fe20-47ba-f84b-4effcc2e0fc1,SQLQueryImp::basicCall,1,executing,node2
28da23b1-3fc8-d788-444c-bb380892757a,1660719895297782845,End
a212c405-832b-76a6-5143-b95e962062d4,1660719895297775675,End
a212c405-832b-76a6-5143-b95e962062d4,1660719895297795275,End
4e53db60-9dac-9296-a34e-2efb6e8ed16a,1660719895297805513,End
a212c405-832b-76a6-5143-b95e962062d4,1660719895297811265,End
766f09e0-8e03-a387-8f4f-06e2eb3c1827,1660719895297828144,Start,ChildOf,a212c405-832b-76a6-5143-b95e962062d4,SQLQueryImp::basicCall,1,executing,node2
9cff6ad8-fe20-47ba-f84b-4effcc2e0fc1,1660719895297828592,End
b5778efc-bd1f-58ad-854a-1fa124798263,1660719895297839820,Start,ChildOf,a212c405-832b-76a6-5143-b95e962062d4,SQLQueryImp::basicCall,1,executing,node2
20f0c1bd-131b-7ebc-5b4b-6a6a1207e437,1660719895297848165,Start,ChildOf,a212c405-832b-76a6-5143-b95e962062d4,SQLQueryImp::basicCall,1,executing,node2
766f09e0-8e03-a387-8f4f-06e2eb3c1827,1660719895297854234,End
b5778efc-bd1f-58ad-854a-1fa124798263,1660719895297857412,End
20f0c1bd-131b-7ebc-5b4b-6a6a1207e437,1660719895297865583,End
610da8a9-366e-7296-704b-5becb6172cb7,1660719895297874082,Start,ChildOf,9cff6ad8-fe20-47ba-f84b-4effcc2e0fc1,SQLQueryImp::basicCall,1,executing,node2
a212c405-832b-76a6-5143-b95e962062d4,1660719895297884472,End
a212c405-832b-76a6-5143-b95e962062d4,1660719895297878942,End
610da8a9-366e-7296-704b-5becb6172cb7,1660719895297898811,End
a212c405-832b-76a6-5143-b95e962062d4,1660719895297904918,End
9cff6ad8-fe20-47ba-f84b-4effcc2e0fc1,1660719895297922737,End
bf564a53-ac83-d7bf-8c48-3d8355574c07,1660719895297932565,Start,ChildOf,a212c405-832b-76a6-5143-b95e962062d4,SQLQueryImp::basicCall,1,executing,node2
e4178c0b-8b41-70a6-5b4d-111524676e83,1660719895297937600,Start,ChildOf,a212c405-832b-76a6-5143-b95e962062d4,SQLQueryImp::basicCall,1,executing,node2
c7bc4a31-c836-cc80-1342-6896618a5a06,1660719895297941643,Start,ChildOf,a212c405-832b-76a6-5143-b95e962062d4,SQLQueryImp::basicCall,1,executing,node2
bf564a53-ac83-d7bf-8c48-3d8355574c07,1660719895297951471,End
c7bc4a31-c836-cc80-1342-6896618a5a06,1660719895297959462,End
e4178c0b-8b41-70a6-5b4d-111524676e83,1660719895297965815,End
a212c405-832b-76a6-5143-b95e962062d4,1660719895297965175,End
a739929c-0bb0-528d-c14d-8340fdbcfbd4,1660719895297969066,Start,ChildOf,9cff6ad8-fe20-47ba-f84b-4effcc2e0fc1,SQLQueryImp::basicCall,1,executing,node2
a212c405-832b-76a6-5143-b95e962062d4,1660719895297974223,End
a739929c-0bb0-528d-c14d-8340fdbcfbd4,1660719895297992367,End
a212c405-832b-76a6-5143-b95e962062d4,1660719895297990137,End
02322e96-6d40-3da2-c246-06d77f3695ca,1660719895297999693,Start,ChildOf,a212c405-832b-76a6-5143-b95e962062d4,SQLQueryImp::basicCall,1,executing,node2
cb5b05cd-6f45-0b93-dc45-00f894df8726,1660719895298014917,Start,ChildOf,a212c405-832b-76a6-5143-b95e962062d4,SQLQueryImp::basicCall,1,executing,node2
9cff6ad8-fe20-47ba-f84b-4effcc2e0fc1,1660719895298018022,End
cb5b05cd-6f45-0b93-dc45-00f894df8726,1660719895298032144,End
0f084121-932f-df83-ed48-6c75db1645d8,1660719895298043690,Start,ChildOf,a212c405-832b-76a6-5143-b95e962062d4,SQLQueryImp::basicCall,1,executing,node2
a212c405-832b-76a6-5143-b95e962062d4,1660719895298048042,End
860fd2bf-642c-56bb-0d4f-392edd11a659,1660719895298066462,Start,ChildOf,9cff6ad8-fe20-47ba-f84b-4effcc2e0fc1,SQLQueryImp::basicCall,1,executing,node2
0f084121-932f-df83-ed48-6c75db1645d8,1660719895298069712,End
9e6a6f40-6537-4387-1c46-4e4c45df99e1,1660719895298082291,Start,ChildOf,a212c405-832b-76a6-5143-b95e962062d4,SQLQueryImp::basicCall,1,executing,node2
a212c405-832b-76a6-5143-b95e962062d4,1660719895298088810,End
860fd2bf-642c-56bb-0d4f-392edd11a659,1660719895298092411,End
9e6a6f40-6537-4387-1c46-4e4c45df99e1,1660719895298099802,End
02322e96-6d40-3da2-c246-06d77f3695ca,1660719895298100535,End
9cff6ad8-fe20-47ba-f84b-4effcc2e0fc1,1660719895298114752,End
a212c405-832b-76a6-5143-b95e962062d4,1660719895298129606,End
a212c405-832b-76a6-5143-b95e962062d4,1660719895298151026,End
f9f3d673-9be9-12bd-a544-dec589c33a87,1660719895298180673,Start,ChildOf,9cff6ad8-fe20-47ba-f84b-4effcc2e0fc1,SQLQueryImp::basicCall,1,executing,node2
f9f3d673-9be9-12bd-a544-dec589c33a87,1660719895298203396,End
9cff6ad8-fe20-47ba-f84b-4effcc2e0fc1,1660719895298218768,End
b06093f5-4a0a-2f99-e249-2b3e3487bb56,1660719895298260725,Start,ChildOf,9cff6ad8-fe20-47ba-f84b-4effcc2e0fc1,SQLQueryImp::basicCall,1,executing,node2
b06093f5-4a0a-2f99-e249-2b3e3487bb56,1660719895298281854,End
9cff6ad8-fe20-47ba-f84b-4effcc2e0fc1,1660719895298297729,End
df3f5397-56eb-aea1-4749-997e13ffb8a6,1660719895298339472,Start,ChildOf,9cff6ad8-fe20-47ba-f84b-4effcc2e0fc1,SQLQueryImp::basicCall,1,executing,node2
df3f5397-56eb-aea1-4749-997e13ffb8a6,1660719895298363556,End
9cff6ad8-fe20-47ba-f84b-4effcc2e0fc1,1660719895298378368,End
a59e50d2-6527-47ad-ec40-1b4ba1105272,1660719895298421457,Start,ChildOf,9cff6ad8-fe20-47ba-f84b-4effcc2e0fc1,SQLQueryImp::basicCall,1,executing,node2
a59e50d2-6527-47ad-ec40-1b4ba1105272,1660719895298444796,End
9cff6ad8-fe20-47ba-f84b-4effcc2e0fc1,1660719895298459946,End
9cff6ad8-fe20-47ba-f84b-4effcc2e0fc1,1660719895298465159,End
dfce04ea-8c5b-4da6-0147-45ecb1be2c5f,1660719895298957547,End
300d28c5-2fa3-6283-b147-89d6b1e2ff70,1660719895292651396,Start,FollowsFrom,81be0808-857e-fe9d-b44d-fb11583a3436,Worker::run,0,begin,node2
fc7a54b5-d451-0daa-894e-800fc4866d63,1660719895292685003,Start,FollowsFrom,35a04f5d-aca0-0193-7349-fd52e57ab482,Worker::run,0,begin,node2
81be0808-857e-fe9d-b44d-fb11583a3436,1660719895292594158,Start,ChildOf,eca7608d-794b-62a7-444b-8c458301b403,receiving request,0,receiving,node2
81be0808-857e-fe9d-b44d-fb11583a3436,1660719895292603431,End
35a04f5d-aca0-0193-7349-fd52e57ab482,1660719895292650477,Start,ChildOf,7af75e64-8633-0c93-9341-7441a25218d8,receiving request,0,receiving,node2
35a04f5d-aca0-0193-7349-fd52e57ab482,1660719895292654945,End
cdcff76d-adb0-329a-6d49-34d3a3566e63,1660719895292758605,Start,ChildOf,300d28c5-2fa3-6283-b147-89d6b1e2ff70,SQLQueryImp::basicCall,1,executing,node2
ace24b87-57fa-b092-0a4a-bb106675f4a4,1660719895292762613,Start,FollowsFrom,d530e9ce-d3a2-d29d-e94c-79f8dbcf53e5,Worker::run,0,begin,node2
97307c32-f4a1-2b98-e343-ba599165fc3d,1660719895292777549,Start,ChildOf,fc7a54b5-d451-0daa-894e-800fc4866d63,SQLQueryImp::basicCall,1,executing,node2
d530e9ce-d3a2-d29d-e94c-79f8dbcf53e5,1660719895292690946,Start,ChildOf,aaa8c005-7078-f0bf-b546-e9bbcb1fff85,receiving request,0,receiving,node2
d530e9ce-d3a2-d29d-e94c-79f8dbcf53e5,1660719895292696641,End
d61f71d7-d59c-47b3-e140-7bb04b5b0eba,1660719895292799696,Start,FollowsFrom,5c98db6e-8413-c7ac-e947-62c76d5e2faf,Worker::run,0,begin,node2
cdcff76d-adb0-329a-6d49-34d3a3566e63,1660719895292804287,End
97307c32-f4a1-2b98-e343-ba599165fc3d,1660719895292810233,End
5c98db6e-8413-c7ac-e947-62c76d5e2faf,1660719895292765368,Start,ChildOf,5dc76f23-8037-1fb0-054c-5afccd4d04f9,receiving request,0,receiving,node2
5c98db6e-8413-c7ac-e947-62c76d5e2faf,1660719895292771188,End
b04de5e7-464a-ec8c-624d-c7774bb6c3a4,1660719895292863342,Start,ChildOf,ace24b87-57fa-b092-0a4a-bb106675f4a4,SQLQueryImp::basicCall,1,executing,node2
300d28c5-2fa3-6283-b147-89d6b1e2ff70,1660719895292864189,End
fc7a54b5-d451-0daa-894e-800fc4866d63,1660719895292871040,End
4354f15d-d54c-0dbe-cb44-e2b1ac048850,1660719895292886138,Start,ChildOf,d61f71d7-d59c-47b3-e140-7bb04b5b0eba,SQLQueryImp::basicCall,1,executing,node2
b04de5e7-464a-ec8c-624d-c7774bb6c3a4,1660719895292895109,End
4dfa6bca-8036-d28f-c747-60198148a013,1660719895292901081,Start,FollowsFrom,57b9ebbc-ba01-68ac-754f-8123ce264e62,Worker::run,0,begin,node2
4354f15d-d54c-0dbe-cb44-e2b1ac048850,1660719895292909155,End
577faf77-2170-2f87-5244-5a84ae94679a,1660719895292910720,Start,FollowsFrom,bdb6d13f-9a4e-889c-9447-ecc08785f80c,Worker::run,0,begin,node2
57b9ebbc-ba01-68ac-754f-8123ce264e62,1660719895292809353,Start,ChildOf,f7c5d611-c6e6-5cb3-494e-bb17b73ae2a1,receiving request,0,receiving,node2
57b9ebbc-ba01-68ac-754f-8123ce264e62,1660719895292812016,End
bdb6d13f-9a4e-889c-9447-ecc08785f80c,1660719895292850125,Start,ChildOf,7abaecbe-00f4-7c86-ea47-390412cbc718,receiving request,0,receiving,node2
bdb6d13f-9a4e-889c-9447-ecc08785f80c,1660719895292852651,End
ace24b87-57fa-b092-0a4a-bb106675f4a4,1660719895292954531,End
d61f71d7-d59c-47b3-e140-7bb04b5b0eba,1660719895292961658,End
33d10f7e-2fe7-3594-cf40-7f9acd2609a7,1660719895292980279,Start,ChildOf,4dfa6bca-8036-d28f-c747-60198148a013,SQLQueryImp::basicCall,1,executing,node2
4e65940e-af02-04b1-6e40-2cc90af7c07d,1660719895293006862,Start,ChildOf,577faf77-2170-2f87-5244-5a84ae94679a,SQLQueryImp::basicCall,1,executing,node2
33d10f7e-2fe7-3594-cf40-7f9acd2609a7,1660719895293008445,End
4e65940e-af02-04b1-6e40-2cc90af7c07d,1660719895293032777,End
4dfa6bca-8036-d28f-c747-60198148a013,1660719895293054831,End
577faf77-2170-2f87-5244-5a84ae94679a,1660719895293083328,End
dfce04ea-8c5b-4da6-0147-45ecb1be2c5f,1660719895295137411,Start,FollowsFrom,1a8d5a45-4723-fcb9-654c-e007b1d72309,Worker::run,0,begin,node2
1a8d5a45-4723-fcb9-654c-e007b1d72309,1660719895295097794,Start,ChildOf,9d2a7f18-f465-fa8c-4d47-df588247842f,receiving request,0,receiving,node2
1a8d5a45-4723-fcb9-654c-e007b1d72309,1660719895295107275,End
f6472d2f-1c91-1298-d946-974a85c2a7f6,1660719895295663481,Start,ChildOf,dfce04ea-8c5b-4da6-0147-45ecb1be2c5f,StaticStageExecutor::execute[probing],2,executing,node2
f6472d2f-1c91-1298-d946-974a85c2a7f6,1660719895295667201,End
a212c405-832b-76a6-5143-b95e962062d4,1660719895295680921,Start,ChildOf,dfce04ea-8c5b-4da6-0147-45ecb1be2c5f,StaticStageExecutor::execute[localExecutor],2,executing,node2
50cf1ceb-5e18-678a-f441-fe670e53e6aa,1660719895295693409,Start,ChildOf,dfce04ea-8c5b-4da6-0147-45ecb1be2c5f,StaticStageExecutor::execute[remote],2,executing,node2
9cff6ad8-fe20-47ba-f84b-4effcc2e0fc1,1660719895295706519,Start,ChildOf,dfce04ea-8c5b-4da6-0147-45ecb1be2c5f,StaticStageExecutor::execute[local],2,executing,node2
bc80087b-e7d1-4b9a-1e4f-104b190e7078,1660719895295780095,Start,ChildOf,a212c405-832b-76a6-5143-b95e962062d4,SQLQueryImp::basicCall,1,executing,node2
06688e81-6ad1-b1b0-7241-092a9b13547c,1660719895295795936,Start,ChildOf,a212c405-832b-76a6-5143-b95e962062d4,SQLQueryImp::basicCall,1,executing,node2
bc80087b-e7d1-4b9a-1e4f-104b190e7078,1660719895295810771,End
15588410-60b2-2585-bc4d-8fc29cb9add9,1660719895295821964,Start,ChildOf,a212c405-832b-76a6-5143-b95e962062d4,SQLQueryImp::basicCall,1,executing,node2
06688e81-6ad1-b1b0-7241-092a9b13547c,1660719895295822271,End
a212c405-832b-76a6-5143-b95e962062d4,1660719895295834273,End
15588410-60b2-2585-bc4d-8fc29cb9add9,1660719895295858320,End
a212c405-832b-76a6-5143-b95e962062d4,1660719895295850475,End
a212c405-832b-76a6-5143-b95e962062d4,1660719895295878611,End
ed842a10-fe08-db93-094c-6cd9679075d0,1660719895295903127,Start,ChildOf,a212c405-832b-76a6-5143-b95e962062d4,SQLQueryImp::basicCall,1,executing,node2
28311765-70ba-78ae-4a4c-18d2016fe7d9,1660719895295913821,Start,ChildOf,a212c405-832b-76a6-5143-b95e962062d4,SQLQueryImp::basicCall,1,executing,node2
ed842a10-fe08-db93-094c-6cd9679075d0,1660719895295933145,End
73c340af-d589-ce89-8640-cc534a04a27a,1660719895295934881,Start,ChildOf,a212c405-832b-76a6-5143-b95e962062d4,SQLQueryImp::basicCall,1,executing,node2
28311765-70ba-78ae-4a4c-18d2016fe7d9,1660719895295938866,End
a212c405-832b-76a6-5143-b95e962062d4,1660719895295951084,End
73c340af-d589-ce89-8640-cc534a04a27a,1660719895295962810,End
a212c405-832b-76a6-5143-b95e962062d4,1660719895295964674,End
a212c405-832b-76a6-5143-b95e962062d4,1660719895295981615,End
50cf1ceb-5e18-678a-f441-fe670e53e6aa,1660719895295998235,End
a212c405-832b-76a6-5143-b95e962062d4,1660719895296000569,End
e28ef6cc-d632-8aad-cf4f-dd31bb284798,1660719895296002274,Start,ChildOf,a212c405-832b-76a6-5143-b95e962062d4,SQLQueryImp::basicCall,1,executing,node2
629828f9-51b2-52b8-5b4c-f33453405cf3,1660719895296013374,Start,ChildOf,a212c405-832b-76a6-5143-b95e962062d4,SQLQueryImp::basicCall,1,executing,node2
e28ef6cc-d632-8aad-cf4f-dd31bb284798,1660719895296028082,End
2ea34ff0-950d-8fb1-aa41-42fed9841915,1660719895296034536,Start,ChildOf,a212c405-832b-76a6-5143-b95e962062d4,SQLQueryImp::basicCall,1,executing,node2
7e3a10bc-715f-559f-4d45-7a8174905cf2,1660719895296040825,Start,ChildOf,9cff6ad8-fe20-47ba-f84b-4effcc2e0fc1,SQLQueryImp::basicCall,1,executing,node2
629828f9-51b2-52b8-5b4c-f33453405cf3,1660719895296043372,End
2ea34ff0-950d-8fb1-aa41-42fed9841915,1660719895296060078,End
a212c405-832b-76a6-5143-b95e962062d4,1660719895296057845,End
7e3a10bc-715f-559f-4d45-7a8174905cf2,1660719895296066726,End
a212c405-832b-76a6-5143-b95e962062d4,1660719895296084083,End
a212c405-832b-76a6-5143-b95e962062d4,1660719895296073365,End
9cff6ad8-fe20-47ba-f84b-4effcc2e0fc1,1660719895296097462,End
90800b84-831a-3e87-a24f-88dffe4bb797,1660719895296107708,Start,ChildOf,a212c405-832b-76a6-5143-b95e962062d4,SQLQueryImp::basicCall,1,executing,node2
90800b84-831a-3e87-a24f-88dffe4bb797,1660719895296133587,End
a3ddb880-aec0-1a82-e041-82543af81d64,1660719895296134601,Start,ChildOf,a212c405-832b-76a6-5143-b95e962062d4,SQLQueryImp::basicCall,1,executing,node2
d94ad4dc-389e-9991-044e-f262ccecd1c4,1660719895296150730,Start,ChildOf,a212c405-832b-76a6-5143-b95e962062d4,SQLQueryImp::basicCall,1,executing,node2
7566866d-8efd-adb0-6843-d2fa14b905bd,1660719895296151288,Start,ChildOf,9cff6ad8-fe20-47ba-f84b-4effcc2e0fc1,SQLQueryImp::basicCall,1,executing,node2
a212c405-832b-76a6-5143-b95e962062d4,1660719895296158615,End
a3ddb880-aec0-1a82-e041-82543af81d64,1660719895296168906,End
7566866d-8efd-adb0-6843-d2fa14b905bd,1660719895296171258,End
d94ad4dc-389e-9991-044e-f262ccecd1c4,1660719895296177551,End
a212c405-832b-76a6-5143-b95e962062d4,1660719895296187910,End
481670ef-8908-37b4-e84e-75aeaeb693f2,1660719895296211203,Start,ChildOf,a212c405-832b-76a6-5143-b95e962062d4,SQLQueryImp::basicCall,1,executing,node2
a212c405-832b-76a6-5143-b95e962062d4,1660719895296206464,End
9cff6ad8-fe20-47ba-f84b-4effcc2e0fc1,1660719895296215064,End
481670ef-8908-37b4-e84e-75aeaeb693f2,1660719895296238066,End
f6f32a07-98f9-f5b5-1144-f57c979a4177,1660719895296241620,Start,ChildOf,a212c405-832b-76a6-5143-b95e962062d4,SQLQueryImp::basicCall,1,executing,node2
a212c405-832b-76a6-5143-b95e962062d4,1660719895296256151,End
f6f32a07-98f9-f5b5-1144-f57c979a4177,1660719895296263525,End
d0192436-3367-c7ae-b04c-6c05ec12fd8e,1660719895296265274,Start,ChildOf,a212c405-832b-76a6-5143-b95e962062d4,SQLQueryImp::basicCall,1,executing,node2
a5ed4b92-5b9f-529a-c84b-ef91ddf93ce0,1660719895296275417,Start,ChildOf,9cff6ad8-fe20-47ba-f84b-4effcc2e0fc1,SQLQueryImp::basicCall,1,executing,node2
a212c405-832b-76a6-5143-b95e962062d4,1660719895296281058,End
d0192436-3367-c7ae-b04c-6c05ec12fd8e,1660719895296290594,End
a5ed4b92-5b9f-529a-c84b-ef91ddf93ce0,1660719895296294481,End
55059bc3-f84d-dfb4-dd43-b020b210a607,1660719895296305947,Start,ChildOf,a212c405-832b-76a6-5143-b95e962062d4,SQLQueryImp::basicCall,1,executing,node2
525cf927-4a5b-d1ac-3c40-3ea455e18acb,1660719895296322152,Start,ChildOf,a212c405-832b-76a6-5143-b95e962062d4,SQLQueryImp::basicCall,1,executing,node2
55059bc3-f84d-dfb4-dd43-b020b210a607,1660719895296331600,End
a212c405-832b-76a6-5143-b95e962062d4,1660719895296310973,End
9cff6ad8-fe20-47ba-f84b-4effcc2e0fc1,1660719895296326671,End
525cf927-4a5b-d1ac-3c40-3ea455e18acb,1660719895296340422,End
a212c405-832b-76a6-5143-b95e962062d4,1660719895296364441,End
9477e841-41f8-dba1-eb4d-748268fd1fd1,1660719895296376586,Start,ChildOf,a212c405-832b-76a6-5143-b95e962062d4,SQLQueryImp::basicCall,1,executing,node2
a212c405-832b-76a6-5143-b95e962062d4,1660719895296375220,End
b18f9adf-e0f6-7391-e14d-e18aa8123dab,1660719895296400889,Start,ChildOf,9cff6ad8-fe20-47ba-f84b-4effcc2e0fc1,SQLQueryImp::basicCall,1,executing,node2
9477e841-41f8-dba1-eb4d-748268fd1fd1,1660719895296401535,End
500c8ed7-d145-919f-244a-b269a5eb3e16,1660719895296411224,Start,ChildOf,a212c405-832b-76a6-5143-b95e962062d4,SQLQueryImp::basicCall,1,executing,node2
28ae8b92-30e3-439d-0849-00b9d1e4c414,1660719895296415870,Start,ChildOf,a212c405-832b-76a6-5143-b95e962062d4,SQLQueryImp::basicCall,1,executing,node2
a212c405-832b-76a6-5143-b95e962062d4,1660719895296418932,End
b18f9adf-e0f6-7391-e14d-e18aa8123dab,1660719895296426176,End
500c8ed7-d145-919f-244a-b269a5eb3e16,1660719895296430357,End
28ae8b92-30e3-439d-0849-00b9d1e4c414,1660719895296442177,End
9ca8a51d-8221-db92-1b44-d256b6e282b5,1660719895296464517,Start,ChildOf,a212c405-832b-76a6-5143-b95e962062d4,SQLQueryImp::basicCall,1,executing,node2
a212c405-832b-76a6-5143-b95e962062d4,1660719895296460435,End
a212c405-832b-76a6-5143-b95e962062d4,1660719895296470005,End
9cff6ad8-fe20-47ba-f84b-4effcc2e0fc1,1660719895296443532,End
9ca8a51d-8221-db92-1b44-d256b6e282b5,1660719895296489732,End
57e0b68a-d34f-2d94-764e-9f8e6c42bd55,1660719895296509296,Start,ChildOf,a212c405-832b-76a6-5143-b95e962062d4,SQLQueryImp::basicCall,1,executing,node2
a212c405-832b-76a6-5143-b95e962062d4,1660719895296506679,End
706e2ba5-8d69-7e99-4644-078b097060e5,1660719895296526206,Start,ChildOf,a212c405-832b-76a6-5143-b95e962062d4,SQLQueryImp::basicCall,1,executing,node2
b882dbc4-e035-d4b0-bc45-92cf8303e1d1,1660719895296530590,Start,ChildOf,9cff6ad8-fe20-47ba-f84b-4effcc2e0fc1,SQLQueryImp::basicCall,1,executing,node2
57e0b68a-d34f-2d94-764e-9f8e6c42bd55,1660719895296532513,End
b882dbc4-e035-d4b0-bc45-92cf8303e1d1,1660719895296551493,End
706e2ba5-8d69-7e99-4644-078b097060e5,1660719895296553685,End
d377e068-1109-b881-174a-e6d2c017cd80,1660719895296555812,Start,ChildOf,a212c405-832b-76a6-5143-b95e962062d4,SQLQueryImp::basicCall,1,executing,node2
a212c405-832b-76a6-5143-b95e962062d4,1660719895296550495,End
9cff6ad8-fe20-47ba-f84b-4effcc2e0fc1,1660719895296568992,End
d377e068-1109-b881-174a-e6d2c017cd80,1660719895296583292,End
0a52a3e5-4d25-36a9-074a-ad19ecc790ae,1660719895296596689,Start,ChildOf,a212c405-832b-76a6-5143-b95e962062d4,SQLQueryImp::basicCall,1,executing,node2
a212c405-832b-76a6-5143-b95e962062d4,1660719895296598200,End
0a52a3e5-4d25-36a9-074a-ad19ecc790ae,1660719895296618454,End
a212c405-832b-76a6-5143-b95e962062d4,1660719895296612127,End
7a797eda-20b7-8cbf-134e-f86d035f61b5,1660719895296626753,Start,ChildOf,9cff6ad8-fe20-47ba-f84b-4effcc2e0fc1,SQLQueryImp::basicCall,1,executing,node2
a212c405-832b-76a6-5143-b95e962062d4,1660719895296634326,End
aa300b22-2c8e-b1bc-c940-256668b47292,1660719895296649304,Start,ChildOf,a212c405-832b-76a6-5143-b95e962062d4,SQLQueryImp::basicCall,1,executing,node2
7a797eda-20b7-8cbf-134e-f86d035f61b5,1660719895296651656,End
9cff6ad8-fe20-47ba-f84b-4effcc2e0fc1,1660719895296665969,End
f39fd76f-5fae-dd96-2c4d-22f2a387fdbd,1660719895296674343,Start,ChildOf,a212c405-832b-76a6-5143-b95e962062d4,SQLQueryImp::basicCall,1,executing,node2
aa300b22-2c8e-b1bc-c940-256668b47292,1660719895296677101,End
180def83-c141-a391-f844-c7c9016baf1e,1660719895296679694,Start,ChildOf,a212c405-832b-76a6-5143-b95e962062d4,SQLQueryImp::basicCall,1,executing,node2
f39fd76f-5fae-dd96-2c4d-22f2a387fdbd,1660719895296693964,End
a212c405-832b-76a6-5143-b95e962062d4,1660719895296695656,End
f5a2a38f-3360-828f-344b-7a6efe56594e,1660719895296706464,Start,ChildOf,9cff6ad8-fe20-47ba-f84b-4effcc2e0fc1,SQLQueryImp::basicCall,1,executing,node2
180def83-c141-a391-f844-c7c9016baf1e,1660719895296706763,End
a212c405-832b-76a6-5143-b95e962062d4,1660719895296709499,End
f5a2a38f-3360-828f-344b-7a6efe56594e,1660719895296728919,End
a212c405-832b-76a6-5143-b95e962062d4,1660719895296733798,End
11fe84c2-e2ff-7081-f642-66c28ee4e9ac,1660719895296744318,Start,ChildOf,a212c405-832b-76a6-5143-b95e962062d4,SQLQueryImp::basicCall,1,executing,node2
9cff6ad8-fe20-47ba-f84b-4effcc2e0fc1,1660719895296743867,End
c179976a-b05b-81a1-3f44-2e13a4ceeaac,1660719895296752907,Start,ChildOf,a212c405-832b-76a6-5143-b95e962062d4,SQLQueryImp::basicCall,1,executing,node2
11fe84c2-e2ff-7081-f642-66c28ee4e9ac,1660719895296770706,End
c179976a-b05b-81a1-3f44-2e13a4ceeaac,1660719895296775238,End
2edc7cf6-bc7e-f8b3-7b42-ee2b9a302ffe,1660719895296783002,Start,ChildOf,a212c405-832b-76a6-5143-b95e962062d4,SQLQueryImp::basicCall,1,executing,node2
c6c6d356-4b73-f199-5c46-22afc62ac82c,1660719895296786899,Start,ChildOf,9cff6ad8-fe20-47ba-f84b-4effcc2e0fc1,SQLQueryImp::basicCall,1,executing,node2
2edc7cf6-bc7e-f8b3-7b42-ee2b9a302ffe,1660719895296804787,End
a212c405-832b-76a6-5143-b95e962062d4,1660719895296793064,End
c6c6d356-4b73-f199-5c46-22afc62ac82c,1660719895296809825,End
a212c405-832b-76a6-5143-b95e962062d4,1660719895296812383,End
a212c405-832b-76a6-5143-b95e962062d4,1660719895296825808,End
9cff6ad8-fe20-47ba-f84b-4effcc2e0fc1,1660719895296837004,End
c7c4c29a-e33b-508d-f341-d5d33bb21f95,1660719895296850650,Start,ChildOf,a212c405-832b-76a6-5143-b95e962062d4,SQLQueryImp::basicCall,1,executing,node2
64bb3635-99b2-7687-9c40-83849c690b53,1660719895296857397,Start,ChildOf,a212c405-832b-76a6-5143-b95e962062d4,SQLQueryImp::basicCall,1,executing,node2
75fc7032-325f-b395-a84c-df3aa8d879c2,1660719895296865373,Start,ChildOf,a212c405-832b-76a6-5143-b95e962062d4,SQLQueryImp::basicCall,1,executing,node2
c7c4c29a-e33b-508d-f341-d5d33bb21f95,1660719895296876800,End
75fc7032-325f-b395-a84c-df3aa8d879c2,1660719895296884017,End
ab263460-e0bd-f296-9548-8c0f32d07e0a,1660719895296889610,Start,ChildOf,9cff6ad8-fe20-47ba-f84b-4effcc2e0fc1,SQLQueryImp::basicCall,1,executing,node2
a212c405-832b-76a6-5143-b95e962062d4,1660719895296897468,End
ab263460-e0bd-f296-9548-8c0f32d07e0a,1660719895296912945,End
a212c405-832b-76a6-5143-b95e962062d4,1660719895296914048,End
9cff6ad8-fe20-47ba-f84b-4effcc2e0fc1,1660719895296930355,End
c39f5b46-4448-a9b5-2248-bbbccebc52e2,1660719895296945047,Start,ChildOf,a212c405-832b-76a6-5143-b95e962062d4,SQLQueryImp::basicCall,1,executing,node2
f56e845e-3c91-07b0-df44-d028ed64182a,1660719895296950814,Start,ChildOf,a212c405-832b-76a6-5143-b95e962062d4,SQLQueryImp::basicCall,1,executing,node2
f56e845e-3c91-07b0-df44-d028ed64182a,1660719895296968804,End
c39f5b46-4448-a9b5-2248-bbbccebc52e2,1660719895296971737,End
51280420-f915-7097-bd4c-0fb73372a0d1,1660719895296980168,Start,ChildOf,9cff6ad8-fe20-47ba-f84b-4effcc2e0fc1,SQLQueryImp::basicCall,1,executing,node2
64bb3635-99b2-7687-9c40-83849c690b53,1660719895296991471,End
a212c405-832b-76a6-5143-b95e962062d4,1660719895296985737,End
51280420-f915-7097-bd4c-0fb73372a0d1,1660719895297003157,End
a212c405-832b-76a6-5143-b95e962062d4,1660719895297003947,End
a212c405-832b-76a6-5143-b95e962062d4,1660719895297010333,End
db242e97-4205-bf94-5547-e597c789f5ff,1660719895297030488,Start,ChildOf,a212c405-832b-76a6-5143-b95e962062d4,SQLQueryImp::basicCall,1,executing,node2
9cff6ad8-fe20-47ba-f84b-4effcc2e0fc1,1660719895297031813,End
db242e97-4205-bf94-5547-e597c789f5ff,1660719895297050351,End
891d2862-10ee-1883-2a47-aa9cb825687c,1660719895297060744,Start,ChildOf,a212c405-832b-76a6-5143-b95e962062d4,SQLQueryImp::basicCall,1,executing,node2
31c9a12d-e694-5287-0a41-97fc92235046,1660719895297061604,Start,ChildOf,a212c405-832b-76a6-5143-b95e962062d4,SQLQueryImp::basicCall,1,executing,node2
a212c405-832b-76a6-5143-b95e962062d4,1660719895297065459,End
392f38fd-a4ce-1687-7d40-9a11c00cdd98,1660719895297079473,Start,ChildOf,9cff6ad8-fe20-47ba-f84b-4effcc2e0fc1,SQLQueryImp::basicCall,1,executing,node2
891d2862-10ee-1883-2a47-aa9cb825687c,1660719895297086021,End
31c9a12d-e694-5287-0a41-97fc92235046,1660719895297088384,End
392f38fd-a4ce-1687-7d40-9a11c00cdd98,1660719895297102800,End
dc731f3a-fe6e-faa9-2743-44a774cdae53,1660719895297107138,Start,ChildOf,a212c405-832b-76a6-5143-b95e962062d4,SQLQueryImp::basicCall,1,executing,node2
a212c405-832b-76a6-5143-b95e962062d4,1660719895297101418,End
dc731f3a-fe6e-faa9-2743-44a774cdae53,1660719895297124583,End
a212c405-832b-76a6-5143-b95e962062d4,1660719895297108804,End
f271ef3c-33c0-8899-fd44-b6ce81cb686f,1660719895297148702,Start,ChildOf,a212c405-832b-76a6-5143-b95e962062d4,SQLQueryImp::basicCall,1,executing,node2
9cff6ad8-fe20-47ba-f84b-4effcc2e0fc1,1660719895297128808,End
a212c405-832b-76a6-5143-b95e962062d4,1660719895297145174,End
f271ef3c-33c0-8899-fd44-b6ce81cb686f,1660719895297174438,End
a212c405-832b-76a6-5143-b95e962062d4,1660719895297188329,End
57a1d086-b293-dfa9-dc44-84d606434b4e,1660719895297192820,Start,ChildOf,a212c405-832b-76a6-5143-b95e962062d4,SQLQueryImp::basicCall,1,executing,node2
80d5adc2-23f6-189b-394f-712ea8869c1b,1660719895297205986,Start,ChildOf,a212c405-832b-76a6-5143-b95e962062d4,SQLQueryImp::basicCall,1,executing,node2
70194903-05b3-1f9e-0646-2674ee6e832e,1660719895297211123,Start,ChildOf,9cff6ad8-fe20-47ba-f84b-4effcc2e0fc1,SQLQueryImp::basicCall,1,executing,node2
57a1d086-b293-dfa9-dc44-84d606434b4e,1660719895297212419,End
73fa5ad2-357a-1e99-0d40-a009d6284467,1660719895297226079,Start,ChildOf,a212c405-832b-76a6-5143-b95e962062d4,SQLQueryImp::basicCall,1,executing,node2
80d5adc2-23f6-189b-394f-712ea8869c1b,1660719895297233110,End
a212c405-832b-76a6-5143-b95e962062d4,1660719895297226614,End
70194903-05b3-1f9e-0646-2674ee6e832e,1660719895297236010,End
73fa5ad2-357a-1e99-0d40-a009d6284467,1660719895297243983,End
a212c405-832b-76a6-5143-b95e962062d4,1660719895297252704,End
2e091014-4273-ed8a-4e45-02da0749da4c,1660719895297267810,Start,ChildOf,a212c405-832b-76a6-5143-b95e962062d4,SQLQueryImp::basicCall,1,executing,node2
a212c405-832b-76a6-5143-b95e962062d4,1660719895297269300,End
2e091014-4273-ed8a-4e45-02da0749da4c,1660719895297286112,End
9cff6ad8-fe20-47ba-f84b-4effcc2e0fc1,1660719895297287531,End
a212c405-832b-76a6-5143-b95e962062d4,1660719895297301327,End
cc2728dd-b516-65bb-9d40-5c843e287b1b,1660719895297304609,Start,ChildOf,a212c405-832b-76a6-5143-b95e962062d4,SQLQueryImp::basicCall,1,executing,node2
aad3e920-6321-0986-2949-4403196a85da,1660719895297312544,Start,ChildOf,a212c405-832b-76a6-5143-b95e962062d4,SQLQueryImp::basicCall,1,executing,node2
cc2728dd-b516-65bb-9d40-5c843e287b1b,1660719895297331419,End
aad3e920-6321-0986-2949-4403196a85da,1660719895297332460,End
00aac917-cf3e-eca0-b740-391006ffecdf,1660719895297338075,Start,ChildOf,a212c405-832b-76a6-5143-b95e962062d4,SQLQueryImp::basicCall,1,executing,node2
014571b2-6a05-87b3-4545-2f081c895c95,1660719895297347012,Start,ChildOf,9cff6ad8-fe20-47ba-f84b-4effcc2e0fc1,SQLQueryImp::basicCall,1,executing,node2
00aac917-cf3e-eca0-b740-391006ffecdf,1660719895297356134,End
a212c405-832b-76a6-5143-b95e962062d4,1660719895297359820,End
014571b2-6a05-87b3-4545-2f081c895c95,1660719895297370011,End
a212c405-832b-76a6-5143-b95e962062d4,1660719895297348589,End
a212c405-832b-76a6-5143-b95e962062d4,1660719895297380082,End
9cff6ad8-fe20-47ba-f84b-4effcc2e0fc1,1660719895297393151,End
a16f829e-da45-c3a0-4a44-37dc441c43ab,1660719895297426384,Start,ChildOf,a212c405-832b-76a6-5143-b95e962062d4,SQLQueryImp::basicCall,1,executing,node2
47ecc60a-678b-90b1-5d42-495275ca8946,1660719895297427703,Start,ChildOf,a212c405-832b-76a6-5143-b95e962062d4,SQLQueryImp::basicCall,1,executing,node2
6d64a6b8-2c66-5ebc-854a-c7c23aa5b3bf,1660719895297429091,Start,ChildOf,a212c405-832b-76a6-5143-b95e962062d4,SQLQueryImp::basicCall,1,executing,node2
e4ccc750-2f58-dc9d-774e-bf3e2709a9cd,1660719895297438333,Start,ChildOf,9cff6ad8-fe20-47ba-f84b-4effcc2e0fc1,SQLQueryImp::basicCall,1,executing,node2
6d64a6b8-2c66-5ebc-854a-c7c23aa5b3bf,1660719895297448962,End
a16f829e-da45-c3a0-4a44-37dc441c43ab,1660719895297448857,End
e4ccc750-2f58-dc9d-774e-bf3e2709a9cd,1660719895297461969,End
a212c405-832b-76a6-5143-b95e962062d4,1660719895297483545,End
a212c405-832b-76a6-5143-b95e962062d4,1660719895297491995,End
9cff6ad8-fe20-47ba-f84b-4effcc2e0fc1,1660719895297503392,End
d2f49cea-2353-9ead-0442-d1ef5f1ea678,1660719895297522355,Start,ChildOf,a212c405-832b-76a6-5143-b95e962062d4,SQLQueryImp::basicCall,1,executing,node2
6cb5aa16-a1c3-3fb9-0441-4a812ee2adcc,1660719895297528545,Start,ChildOf,a212c405-832b-76a6-5143-b95e962062d4,SQLQueryImp::basicCall,1,executing,node2
d2f49cea-2353-9ead-0442-d1ef5f1ea678,1660719895297542491,End
6cb5aa16-a1c3-3fb9-0441-4a812ee2adcc,1660719895297546521,End
223a6e80-003e-88b8-1c4f-5e9fbed690ab,1660719895297554081,Start,ChildOf,9cff6ad8-fe20-47ba-f84b-4effcc2e0fc1,SQLQueryImp::basicCall,1,executing,node2
47ecc60a-678b-90b1-5d42-495275ca8946,1660719895297558931,End
a212c405-832b-76a6-5143-b95e962062d4,1660719895297558586,End
a212c405-832b-76a6-5143-b95e962062d4,1660719895297568681,End
223a6e80-003e-88b8-1c4f-5e9fbed690ab,1660719895297579801,End
a212c405-832b-76a6-5143-b95e962062d4,1660719895297582460,End
07de9e6c-5805-cbb3-c24c-bf6da17e6e3e,1660719895297593365,Start,ChildOf,a212c405-832b-76a6-5143-b95e962062d4,SQLQueryImp::basicCall,1,executing,node2
9cff6ad8-fe20-47ba-f84b-4effcc2e0fc1,1660719895297598313,End
42306665-dc7b-c9ba-734a-236659472f55,1660719895297604645,Start,ChildOf,a212c405-832b-76a6-5143-b95e962062d4,SQLQueryImp::basicCall,1,executing,node2
07de9e6c-5805-cbb3-c24c-bf6da17e6e3e,1660719895297610733,End
42306665-dc7b-c9ba-734a-236659472f55,1660719895297621776,End
a212c405-832b-76a6-5143-b95e962062d4,1660719895297624135,End
d88ed6f0-0379-c081-2c46-a10a90718060,1660719895297633990,Start,ChildOf,a212c405-832b-76a6-5143-b95e962062d4,SQLQueryImp::basicCall,1,executing,node2
a212c405-832b-76a6-5143-b95e962062d4,1660719895297640086,End
5a8dbcaf-1037-59ab-9f42-8a10eeebbb06,1660719895297651404,Start,ChildOf,9cff6ad8-fe20-47ba-f84b-4effcc2e0fc1,SQLQueryImp::basicCall,1,executing,node2
d88ed6f0-0379-c081-2c46-a10a90718060,1660719895297661457,End
e26e933e-fe32-33bb-7545-e4a99b85a29e,1660719895297669249,Start,ChildOf,a212c405-832b-76a6-5143-b95e962062d4,SQLQueryImp::basicCall,1,executing,node2
add07917-f7a2-b0b5-cd43-70b5acfe2a2a,1660719895297676841,Start,ChildOf,a212c405-832b-76a6-5143-b95e962062d4,SQLQueryImp::basicCall,1,executing,node2
5a8dbcaf-1037-59ab-9f42-8a10eeebbb06,1660719895297676905,End
a212c405-832b-76a6-5143-b95e962062d4,1660719895297681608,End
e26e933e-fe32-33bb-7545-e4a99b85a29e,1660719895297687463,End
add07917-f7a2-b0b5-cd43-70b5acfe2a2a,1660719895297700658,End
a212c405-832b-76a6-5143-b95e962062d4,1660719895297715817,End
eaa55c5a-49db-2fa1-9443-69951c94c6fa,1660719895297730061,Start,ChildOf,a212c405-832b-76a6-5143-b95e962062d4,SQLQueryImp::basicCall,1,executing,node2
a212c405-832b-76a6-5143-b95e962062d4,1660719895297726848,End
9cff6ad8-fe20-47ba-f84b-4effcc2e0fc1,1660719895297706108,End
eaa55c5a-49db-2fa1-9443-69951c94c6fa,1660719895297755236,End
3a02d98e-785a-6d87-a14d-034bd76bd543,1660719895297758455,Start,ChildOf,a212c405-832b-76a6-5143-b95e962062d4,SQLQueryImp::basicCall,1,executing,node2
28da23b1-3fc8-d788-444c-bb380892757a,1660719895297763745,Start,ChildOf,a212c405-832b-76a6-5143-b95e962062d4,SQLQueryImp::basicCall,1,executing,node2
3a02d98e-785a-6d87-a14d-034bd76bd543,1660719895297777665,End
4e53db60-9dac-9296-a34e-2efb6e8ed16a,1660719895297781066,Start,ChildOf,9cff6ad8-fe20-47ba-f84b-4effcc2e0fc1,SQLQueryImp::basicCall,1,executing,node2
28da23b1-3fc8-d788-444c-bb380892757a,1660719895297782845,End
a212c405-832b-76a6-5143-b95e962062d4,1660719895297775675,End
a212c405-832b-76a6-5143-b95e962062d4,1660719895297795275,End
4e53db60-9dac-9296-a34e-2efb6e8ed16a,1660719895297805513,End
a212c405-832b-76a6-5143-b95e962062d4,1660719895297811265,End
766f09e0-8e03-a387-8f4f-06e2eb3c1827,1660719895297828144,Start,ChildOf,a212c405-832b-76a6-5143-b95e962062d4,SQLQueryImp::basicCall,1,executing,node2
9cff6ad8-fe20-47ba-f84b-4effcc2e0fc1,1660719895297828592,End
b5778efc-bd1f-58ad-854a-1fa124798263,1660719895297839820,Start,ChildOf,a212c405-832b-76a6-5143-b95e962062d4,SQLQueryImp::basicCall,1,executing,node2
20f0c1bd-131b-7ebc-5b4b-6a6a1207e437,1660719895297848165,Start,ChildOf,a212c405-832b-76a6-5143-b95e962062d4,SQLQueryImp::basicCall,1,executing,node2
766f09e0-8e03-a387-8f4f-06e2eb3c1827,1660719895297854234,End
b5778efc-bd1f-58ad-854a-1fa124798263,1660719895297857412,End
20f0c1bd-131b-7ebc-5b4b-6a6a1207e437,1660719895297865583,End
610da8a9-366e-7296-704b-5becb6172cb7,1660719895297874082,Start,ChildOf,9cff6ad8-fe20-47ba-f84b-4effcc2e0fc1,SQLQueryImp::basicCall,1,executing,node2
a212c405-832b-76a6-5143-b95e962062d4,1660719895297884472,End
a212c405-832b-76a6-5143-b95e962062d4,1660719895297878942,End
610da8a9-366e-7296-704b-5becb6172cb7,1660719895297898811,End
a212c405-832b-76a6-5143-b95e962062d4,1660719895297904918,End
9cff6ad8-fe20-47ba-f84b-4effcc2e0fc1,1660719895297922737,End
bf564a53-ac83-d7bf-8c48-3d8355574c07,1660719895297932565,Start,ChildOf,a212c405-832b-76a6-5143-b95e962062d4,SQLQueryImp::basicCall,1,executing,node2
e4178c0b-8b41-70a6-5b4d-111524676e83,1660719895297937600,Start,ChildOf,a212c405-832b-76a6-5143-b95e962062d4,SQLQueryImp::basicCall,1,executing,node2
c7bc4a31-c836-cc80-1342-6896618a5a06,1660719895297941643,Start,ChildOf,a212c405-832b-76a6-5143-b95e962062d4,SQLQueryImp::basicCall,1,executing,node2
bf564a53-ac83-d7bf-8c48-3d8355574c07,1660719895297951471,End
c7bc4a31-c836-cc80-1342-6896618a5a06,1660719895297959462,End
e4178c0b-8b41-70a6-5b4d-111524676e83,1660719895297965815,End
a212c405-832b-76a6-5143-b95e962062d4,1660719895297965175,End
a739929c-0bb0-528d-c14d-8340fdbcfbd4,1660719895297969066,Start,ChildOf,9cff6ad8-fe20-47ba-f84b-4effcc2e0fc1,SQLQueryImp::basicCall,1,executing,node2
a212c405-832b-76a6-5143-b95e962062d4,1660719895297974223,End
a739929c-0bb0-528d-c14d-8340fdbcfbd4,1660719895297992367,End
a212c405-832b-76a6-5143-b95e962062d4,1660719895297990137,End
02322e96-6d40-3da2-c246-06d77f3695ca,1660719895297999693,Start,ChildOf,a212c405-832b-76a6-5143-b95e962062d4,SQLQueryImp::basicCall,1,executing,node2
cb5b05cd-6f45-0b93-dc45-00f894df8726,1660719895298014917,Start,ChildOf,a212c405-832b-76a6-5143-b95e962062d4,SQLQueryImp::basicCall,1,executing,node2
9cff6ad8-fe20-47ba-f84b-4effcc2e0fc1,1660719895298018022,End
cb5b05cd-6f45-0b93-dc45-00f894df8726,1660719895298032144,End
0f084121-932f-df83-ed48-6c75db1645d8,1660719895298043690,Start,ChildOf,a212c405-832b-76a6-5143-b95e962062d4,SQLQueryImp::basicCall,1,executing,node2
a212c405-832b-76a6-5143-b95e962062d4,1660719895298048042,End
860fd2bf-642c-56bb-0d4f-392edd11a659,1660719895298066462,Start,ChildOf,9cff6ad8-fe20-47ba-f84b-4effcc2e0fc1,SQLQueryImp::basicCall,1,executing,node2
0f084121-932f-df83-ed48-6c75db1645d8,1660719895298069712,End
9e6a6f40-6537-4387-1c46-4e4c45df99e1,1660719895298082291,Start,ChildOf,a212c405-832b-76a6-5143-b95e962062d4,SQLQueryImp::basicCall,1,executing,node2
a212c405-832b-76a6-5143-b95e962062d4,1660719895298088810,End
860fd2bf-642c-56bb-0d4f-392edd11a659,1660719895298092411,End
9e6a6f40-6537-4387-1c46-4e4c45df99e1,1660719895298099802,End
02322e96-6d40-3da2-c246-06d77f3695ca,1660719895298100535,End
9cff6ad8-fe20-47ba-f84b-4effcc2e0fc1,1660719895298114752,End
a212c405-832b-76a6-5143-b95e962062d4,1660719895298129606,End
a212c405-832b-76a6-5143-b95e962062d4,1660719895298151026,End
f9f3d673-9be9-12bd-a544-dec589c33a87,1660719895298180673,Start,ChildOf,9cff6ad8-fe20-47ba-f84b-4effcc2e0fc1,SQLQueryImp::basicCall,1,executing,node2
f9f3d673-9be9-12bd-a544-dec589c33a87,1660719895298203396,End
9cff6ad8-fe20-47ba-f84b-4effcc2e0fc1,1660719895298218768,End
b06093f5-4a0a-2f99-e249-2b3e3487bb56,1660719895298260725,Start,ChildOf,9cff6ad8-fe20-47ba-f84b-4effcc2e0fc1,SQLQueryImp::basicCall,1,executing,node2
b06093f5-4a0a-2f99-e249-2b3e3487bb56,1660719895298281854,End
9cff6ad8-fe20-47ba-f84b-4effcc2e0fc1,1660719895298297729,End
df3f5397-56eb-aea1-4749-997e13ffb8a6,1660719895298339472,Start,ChildOf,9cff6ad8-fe20-47ba-f84b-4effcc2e0fc1,SQLQueryImp::basicCall,1,executing,node2
df3f5397-56eb-aea1-4749-997e13ffb8a6,1660719895298363556,End
9cff6ad8-fe20-47ba-f84b-4effcc2e0fc1,1660719895298378368,End
a59e50d2-6527-47ad-ec40-1b4ba1105272,1660719895298421457,Start,ChildOf,9cff6ad8-fe20-47ba-f84b-4effcc2e0fc1,SQLQueryImp::basicCall,1,executing,node2
a59e50d2-6527-47ad-ec40-1b4ba1105272,1660719895298444796,End
9cff6ad8-fe20-47ba-f84b-4effcc2e0fc1,1660719895298459946,End
9cff6ad8-fe20-47ba-f84b-4effcc2e0fc1,1660719895298465159,End
dfce04ea-8c5b-4da6-0147-45ecb1be2c5f,1660719895298957547,End
